{"/home/travis/build/npmtest/node-npmtest-apollo-client/test.js":{"path":"/home/travis/build/npmtest/node-npmtest-apollo-client/test.js","s":{"1":2,"2":2,"3":2,"4":2,"5":2,"6":2,"7":2,"8":1,"9":2,"10":2,"11":1,"12":1,"13":1,"14":1,"15":2,"16":2,"17":2,"18":2,"19":1,"20":1,"21":2,"22":2,"23":2,"24":1,"25":1,"26":1,"27":1,"28":1,"29":1,"30":1,"31":1,"32":1,"33":1,"34":1,"35":1,"36":1,"37":1,"38":1,"39":2,"40":2,"41":1,"42":2,"43":2,"44":1,"45":2,"46":2,"47":1,"48":2,"49":2,"50":1,"51":1,"52":1,"53":1,"54":1},"b":{"1":[2,1,1,1],"2":[1,1,1,1],"3":[1,1],"4":[1,1],"5":[1,1],"6":[1,1],"7":[1,1],"8":[1,1],"9":[1,1],"10":[1,1,1],"11":[1,1],"12":[1,1],"13":[1,1],"14":[1,1],"15":[1,1],"16":[1,1],"17":[1,1]},"f":{"1":2,"2":2,"3":2,"4":2,"5":2,"6":1,"7":1,"8":1,"9":2,"10":2,"11":2,"12":2,"13":1},"fnMap":{"1":{"name":"(anonymous_1)","line":12,"loc":{"start":{"line":12,"column":1},"end":{"line":12,"column":13}}},"2":{"name":"(anonymous_2)","line":19,"loc":{"start":{"line":19,"column":5},"end":{"line":19,"column":17}}},"3":{"name":"(anonymous_3)","line":23,"loc":{"start":{"line":23,"column":24},"end":{"line":23,"column":36}}},"4":{"name":"(anonymous_4)","line":61,"loc":{"start":{"line":61,"column":5},"end":{"line":61,"column":17}}},"5":{"name":"(anonymous_5)","line":82,"loc":{"start":{"line":82,"column":5},"end":{"line":82,"column":17}}},"6":{"name":"(anonymous_6)","line":91,"loc":{"start":{"line":91,"column":77},"end":{"line":94,"column":10}}},"7":{"name":"(anonymous_7)","line":112,"loc":{"start":{"line":112,"column":83},"end":{"line":115,"column":10}},"skip":true},"8":{"name":"(anonymous_8)","line":123,"loc":{"start":{"line":123,"column":77},"end":{"line":126,"column":10}},"skip":true},"9":{"name":"(anonymous_9)","line":139,"loc":{"start":{"line":139,"column":12},"end":{"line":139,"column":40}},"skip":true},"10":{"name":"(anonymous_10)","line":147,"loc":{"start":{"line":147,"column":77},"end":{"line":150,"column":10}},"skip":true},"11":{"name":"(anonymous_11)","line":158,"loc":{"start":{"line":158,"column":83},"end":{"line":161,"column":10}},"skip":true},"12":{"name":"(anonymous_12)","line":169,"loc":{"start":{"line":169,"column":79},"end":{"line":172,"column":10}},"skip":true},"13":{"name":"(anonymous_13)","line":180,"loc":{"start":{"line":180,"column":75},"end":{"line":183,"column":10}},"skip":true}},"statementMap":{"1":{"start":{"line":12,"column":0},"end":{"line":195,"column":5}},"2":{"start":{"line":14,"column":4},"end":{"line":14,"column":14}},"3":{"start":{"line":19,"column":4},"end":{"line":56,"column":9}},"4":{"start":{"line":21,"column":8},"end":{"line":21,"column":19}},"5":{"start":{"line":23,"column":8},"end":{"line":35,"column":13}},"6":{"start":{"line":24,"column":12},"end":{"line":34,"column":13}},"7":{"start":{"line":25,"column":16},"end":{"line":28,"column":30}},"8":{"start":{"line":30,"column":16},"end":{"line":33,"column":27}},"9":{"start":{"line":37,"column":8},"end":{"line":39,"column":21}},"10":{"start":{"line":40,"column":8},"end":{"line":53,"column":9}},"11":{"start":{"line":43,"column":12},"end":{"line":46,"column":14}},"12":{"start":{"line":47,"column":12},"end":{"line":47,"column":18}},"13":{"start":{"line":50,"column":12},"end":{"line":51,"column":33}},"14":{"start":{"line":52,"column":12},"end":{"line":52,"column":18}},"15":{"start":{"line":55,"column":8},"end":{"line":55,"column":35}},"16":{"start":{"line":61,"column":4},"end":{"line":63,"column":9}},"17":{"start":{"line":62,"column":8},"end":{"line":62,"column":15}},"18":{"start":{"line":64,"column":4},"end":{"line":77,"column":5}},"19":{"start":{"line":70,"column":8},"end":{"line":70,"column":14}},"20":{"start":{"line":76,"column":8},"end":{"line":76,"column":14}},"21":{"start":{"line":82,"column":4},"end":{"line":84,"column":9}},"22":{"start":{"line":83,"column":8},"end":{"line":83,"column":15}},"23":{"start":{"line":85,"column":4},"end":{"line":194,"column":5}},"24":{"start":{"line":91,"column":8},"end":{"line":99,"column":10}},"25":{"start":{"line":98,"column":12},"end":{"line":98,"column":35}},"26":{"start":{"line":102,"column":8},"end":{"line":104,"column":63}},"27":{"start":{"line":105,"column":8},"end":{"line":105,"column":14}},"28":{"start":{"line":112,"column":8},"end":{"line":121,"column":10},"skip":true},"29":{"start":{"line":119,"column":12},"end":{"line":119,"column":55},"skip":true},"30":{"start":{"line":120,"column":12},"end":{"line":120,"column":48},"skip":true},"31":{"start":{"line":123,"column":8},"end":{"line":136,"column":10},"skip":true},"32":{"start":{"line":130,"column":12},"end":{"line":130,"column":76},"skip":true},"33":{"start":{"line":131,"column":12},"end":{"line":131,"column":73},"skip":true},"34":{"start":{"line":132,"column":12},"end":{"line":132,"column":74},"skip":true},"35":{"start":{"line":133,"column":12},"end":{"line":133,"column":79},"skip":true},"36":{"start":{"line":134,"column":12},"end":{"line":134,"column":25},"skip":true},"37":{"start":{"line":135,"column":12},"end":{"line":135,"column":45},"skip":true},"38":{"start":{"line":138,"column":8},"end":{"line":145,"column":14},"skip":true},"39":{"start":{"line":143,"column":16},"end":{"line":143,"column":29},"skip":true},"40":{"start":{"line":144,"column":16},"end":{"line":144,"column":55},"skip":true},"41":{"start":{"line":147,"column":8},"end":{"line":156,"column":10},"skip":true},"42":{"start":{"line":154,"column":12},"end":{"line":154,"column":25},"skip":true},"43":{"start":{"line":155,"column":12},"end":{"line":155,"column":45},"skip":true},"44":{"start":{"line":158,"column":8},"end":{"line":167,"column":10},"skip":true},"45":{"start":{"line":165,"column":12},"end":{"line":165,"column":25},"skip":true},"46":{"start":{"line":166,"column":12},"end":{"line":166,"column":48},"skip":true},"47":{"start":{"line":169,"column":8},"end":{"line":178,"column":10},"skip":true},"48":{"start":{"line":176,"column":12},"end":{"line":176,"column":25},"skip":true},"49":{"start":{"line":177,"column":12},"end":{"line":177,"column":46},"skip":true},"50":{"start":{"line":180,"column":8},"end":{"line":189,"column":10},"skip":true},"51":{"start":{"line":187,"column":12},"end":{"line":187,"column":94},"skip":true},"52":{"start":{"line":188,"column":12},"end":{"line":188,"column":48},"skip":true},"53":{"start":{"line":192,"column":8},"end":{"line":192,"column":35},"skip":true},"54":{"start":{"line":193,"column":8},"end":{"line":193,"column":14},"skip":true}},"branchMap":{"1":{"line":25,"type":"binary-expr","locations":[{"start":{"line":25,"column":23},"end":{"line":25,"column":62}},{"start":{"line":26,"column":20},"end":{"line":26,"column":70}},{"start":{"line":27,"column":20},"end":{"line":27,"column":71}},{"start":{"line":28,"column":20},"end":{"line":28,"column":29}}]},"2":{"line":30,"type":"binary-expr","locations":[{"start":{"line":30,"column":23},"end":{"line":30,"column":37}},{"start":{"line":31,"column":20},"end":{"line":31,"column":61}},{"start":{"line":32,"column":20},"end":{"line":32,"column":70}},{"start":{"line":33,"column":20},"end":{"line":33,"column":26}}]},"3":{"line":37,"type":"cond-expr","locations":[{"start":{"line":38,"column":14},"end":{"line":38,"column":20}},{"start":{"line":39,"column":14},"end":{"line":39,"column":20}}]},"4":{"line":40,"type":"switch","locations":[{"start":{"line":42,"column":8},"end":{"line":47,"column":18}},{"start":{"line":49,"column":8},"end":{"line":52,"column":18}}]},"5":{"line":44,"type":"binary-expr","locations":[{"start":{"line":44,"column":16},"end":{"line":44,"column":44}},{"start":{"line":44,"column":48},"end":{"line":44,"column":66}}]},"6":{"line":50,"type":"binary-expr","locations":[{"start":{"line":50,"column":21},"end":{"line":50,"column":49}},{"start":{"line":50,"column":53},"end":{"line":50,"column":72}}]},"7":{"line":64,"type":"switch","locations":[{"start":{"line":69,"column":4},"end":{"line":70,"column":14}},{"start":{"line":75,"column":4},"end":{"line":76,"column":14}}]},"8":{"line":85,"type":"switch","locations":[{"start":{"line":90,"column":4},"end":{"line":105,"column":14}},{"start":{"line":111,"column":4},"end":{"line":193,"column":14},"skip":true}]},"9":{"line":91,"type":"binary-expr","locations":[{"start":{"line":91,"column":42},"end":{"line":91,"column":73}},{"start":{"line":91,"column":77},"end":{"line":99,"column":9}}]},"10":{"line":102,"type":"binary-expr","locations":[{"start":{"line":102,"column":18},"end":{"line":102,"column":32}},{"start":{"line":103,"column":12},"end":{"line":103,"column":53}},{"start":{"line":104,"column":12},"end":{"line":104,"column":61}}]},"11":{"line":112,"type":"binary-expr","locations":[{"start":{"line":112,"column":45},"end":{"line":112,"column":79},"skip":true},{"start":{"line":112,"column":83},"end":{"line":121,"column":9},"skip":true}]},"12":{"line":123,"type":"binary-expr","locations":[{"start":{"line":123,"column":42},"end":{"line":123,"column":73},"skip":true},{"start":{"line":123,"column":77},"end":{"line":136,"column":9},"skip":true}]},"13":{"line":138,"type":"binary-expr","locations":[{"start":{"line":138,"column":48},"end":{"line":138,"column":85},"skip":true},{"start":{"line":139,"column":12},"end":{"line":145,"column":13},"skip":true}]},"14":{"line":147,"type":"binary-expr","locations":[{"start":{"line":147,"column":42},"end":{"line":147,"column":73},"skip":true},{"start":{"line":147,"column":77},"end":{"line":156,"column":9},"skip":true}]},"15":{"line":158,"type":"binary-expr","locations":[{"start":{"line":158,"column":45},"end":{"line":158,"column":79},"skip":true},{"start":{"line":158,"column":83},"end":{"line":167,"column":9},"skip":true}]},"16":{"line":169,"type":"binary-expr","locations":[{"start":{"line":169,"column":43},"end":{"line":169,"column":75},"skip":true},{"start":{"line":169,"column":79},"end":{"line":178,"column":9},"skip":true}]},"17":{"line":180,"type":"binary-expr","locations":[{"start":{"line":180,"column":41},"end":{"line":180,"column":71},"skip":true},{"start":{"line":180,"column":75},"end":{"line":189,"column":9},"skip":true}]}},"code":["/* istanbul instrument in package npmtest_apollo_client */","/*jslint","    bitwise: true,","    browser: true,","    maxerr: 8,","    maxlen: 96,","    node: true,","    nomen: true,","    regexp: true,","    stupid: true","*/","(function () {","    'use strict';","    var local;","","","","    // run shared js-env code - init-before","    (function () {","        // init local","        local = {};","        // init modeJs","        local.modeJs = (function () {","            try {","                return typeof navigator.userAgent === 'string' &&","                    typeof document.querySelector('body') === 'object' &&","                    typeof XMLHttpRequest.prototype.open === 'function' &&","                    'browser';","            } catch (errorCaughtBrowser) {","                return module.exports &&","                    typeof process.versions.node === 'string' &&","                    typeof require('http').createServer === 'function' &&","                    'node';","            }","        }());","        // init global","        local.global = local.modeJs === 'browser'","            ? window","            : global;","        switch (local.modeJs) {","        // re-init local from window.local","        case 'browser':","            local = local.global.utility2.objectSetDefault(","                local.global.utility2_rollup || local.global.local,","                local.global.utility2","            );","            break;","        // re-init local from example.js","        case 'node':","            local = (local.global.utility2_rollup || require('utility2'))","                .requireReadme();","            break;","        }","        // export local","        local.global.local = local;","    }());","","","","    // run shared js-env code - function","    (function () {","        return;","    }());","    switch (local.modeJs) {","","","","    // run browser js-env code - function","    case 'browser':","        break;","","","","    // run node js-env code - function","    case 'node':","        break;","    }","","","","    // run shared js-env code - init-after","    (function () {","        return;","    }());","    switch (local.modeJs) {","","","","    // run browser js-env code - init-after","    case 'browser':","        local.testCase_browser_nullCase = local.testCase_browser_nullCase || function (","            options,","            onError","        ) {","        /*","         * this function will test browsers's null-case handling-behavior-behavior","         */","            onError(null, options);","        };","","        // run tests","        local.nop(local.modeTest &&","            document.querySelector('#testRunButton1') &&","            document.querySelector('#testRunButton1').click());","        break;","","","","    // run node js-env code - init-after","    /* istanbul ignore next */","    case 'node':","        local.testCase_buildApidoc_default = local.testCase_buildApidoc_default || function (","            options,","            onError","        ) {","        /*","         * this function will test buildApidoc's default handling-behavior-behavior","         */","            options = { modulePathList: module.paths };","            local.buildApidoc(options, onError);","        };","","        local.testCase_buildApp_default = local.testCase_buildApp_default || function (","            options,","            onError","        ) {","        /*","         * this function will test buildApp's default handling-behavior-behavior","         */","            local.testCase_buildReadme_default(options, local.onErrorThrow);","            local.testCase_buildLib_default(options, local.onErrorThrow);","            local.testCase_buildTest_default(options, local.onErrorThrow);","            local.testCase_buildCustomOrg_default(options, local.onErrorThrow);","            options = [];","            local.buildApp(options, onError);","        };","","        local.testCase_buildCustomOrg_default = local.testCase_buildCustomOrg_default ||","            function (options, onError) {","            /*","             * this function will test buildCustomOrg's default handling-behavior","             */","                options = {};","                local.buildCustomOrg(options, onError);","            };","","        local.testCase_buildLib_default = local.testCase_buildLib_default || function (","            options,","            onError","        ) {","        /*","         * this function will test buildLib's default handling-behavior","         */","            options = {};","            local.buildLib(options, onError);","        };","","        local.testCase_buildReadme_default = local.testCase_buildReadme_default || function (","            options,","            onError","        ) {","        /*","         * this function will test buildReadme's default handling-behavior-behavior","         */","            options = {};","            local.buildReadme(options, onError);","        };","","        local.testCase_buildTest_default = local.testCase_buildTest_default || function (","            options,","            onError","        ) {","        /*","         * this function will test buildTest's default handling-behavior","         */","            options = {};","            local.buildTest(options, onError);","        };","","        local.testCase_webpage_default = local.testCase_webpage_default || function (","            options,","            onError","        ) {","        /*","         * this function will test webpage's default handling-behavior","         */","            options = { modeCoverageMerge: true, url: local.serverLocalHost + '?modeTest=1' };","            local.browserTest(options, onError);","        };","","        // run test-server","        local.testRunServer(local);","        break;","    }","}());",""],"l":{"12":2,"14":2,"19":2,"21":2,"23":2,"24":2,"25":2,"30":1,"37":2,"40":2,"43":1,"47":1,"50":1,"52":1,"55":2,"61":2,"62":2,"64":2,"70":1,"76":1,"82":2,"83":2,"85":2,"91":1,"98":1,"102":1,"105":1,"112":1,"119":1,"120":1,"123":1,"130":1,"131":1,"132":1,"133":1,"134":1,"135":1,"138":1,"143":2,"144":2,"147":1,"154":2,"155":2,"158":1,"165":2,"166":2,"169":1,"176":2,"177":2,"180":1,"187":1,"188":1,"192":1,"193":1}},"/home/travis/build/npmtest/node-npmtest-apollo-client/lib.npmtest_apollo_client.js":{"path":"/home/travis/build/npmtest/node-npmtest-apollo-client/lib.npmtest_apollo_client.js","s":{"1":2,"2":2,"3":2,"4":2,"5":2,"6":2,"7":2,"8":1,"9":2,"10":2,"11":2,"12":2,"13":1,"14":1,"15":1,"16":1},"b":{"1":[2,1,1,1],"2":[1,1,1,1],"3":[1,1],"4":[2,2],"5":[1,1]},"f":{"1":2,"2":2,"3":2},"fnMap":{"1":{"name":"(anonymous_1)","line":12,"loc":{"start":{"line":12,"column":1},"end":{"line":12,"column":13}}},"2":{"name":"(anonymous_2)","line":19,"loc":{"start":{"line":19,"column":5},"end":{"line":19,"column":17}}},"3":{"name":"(anonymous_3)","line":23,"loc":{"start":{"line":23,"column":24},"end":{"line":23,"column":36}}}},"statementMap":{"1":{"start":{"line":12,"column":0},"end":{"line":53,"column":5}},"2":{"start":{"line":14,"column":4},"end":{"line":14,"column":14}},"3":{"start":{"line":19,"column":4},"end":{"line":52,"column":9}},"4":{"start":{"line":21,"column":8},"end":{"line":21,"column":19}},"5":{"start":{"line":23,"column":8},"end":{"line":35,"column":13}},"6":{"start":{"line":24,"column":12},"end":{"line":34,"column":13}},"7":{"start":{"line":25,"column":16},"end":{"line":28,"column":30}},"8":{"start":{"line":30,"column":16},"end":{"line":33,"column":27}},"9":{"start":{"line":37,"column":8},"end":{"line":39,"column":21}},"10":{"start":{"line":41,"column":8},"end":{"line":41,"column":54}},"11":{"start":{"line":43,"column":8},"end":{"line":43,"column":58}},"12":{"start":{"line":45,"column":8},"end":{"line":51,"column":9}},"13":{"start":{"line":46,"column":12},"end":{"line":46,"column":64}},"14":{"start":{"line":48,"column":12},"end":{"line":48,"column":35}},"15":{"start":{"line":49,"column":12},"end":{"line":49,"column":49}},"16":{"start":{"line":50,"column":12},"end":{"line":50,"column":43}}},"branchMap":{"1":{"line":25,"type":"binary-expr","locations":[{"start":{"line":25,"column":23},"end":{"line":25,"column":62}},{"start":{"line":26,"column":20},"end":{"line":26,"column":70}},{"start":{"line":27,"column":20},"end":{"line":27,"column":71}},{"start":{"line":28,"column":20},"end":{"line":28,"column":29}}]},"2":{"line":30,"type":"binary-expr","locations":[{"start":{"line":30,"column":23},"end":{"line":30,"column":37}},{"start":{"line":31,"column":20},"end":{"line":31,"column":61}},{"start":{"line":32,"column":20},"end":{"line":32,"column":70}},{"start":{"line":33,"column":20},"end":{"line":33,"column":26}}]},"3":{"line":37,"type":"cond-expr","locations":[{"start":{"line":38,"column":14},"end":{"line":38,"column":20}},{"start":{"line":39,"column":14},"end":{"line":39,"column":20}}]},"4":{"line":41,"type":"binary-expr","locations":[{"start":{"line":41,"column":16},"end":{"line":41,"column":44}},{"start":{"line":41,"column":48},"end":{"line":41,"column":53}}]},"5":{"line":45,"type":"if","locations":[{"start":{"line":45,"column":8},"end":{"line":45,"column":8}},{"start":{"line":45,"column":8},"end":{"line":45,"column":8}}]}},"code":["/* istanbul instrument in package npmtest_apollo_client */","/*jslint","    bitwise: true,","    browser: true,","    maxerr: 8,","    maxlen: 96,","    node: true,","    nomen: true,","    regexp: true,","    stupid: true","*/","(function () {","    'use strict';","    var local;","","","","    // run shared js-env code - init-before","    (function () {","        // init local","        local = {};","        // init modeJs","        local.modeJs = (function () {","            try {","                return typeof navigator.userAgent === 'string' &&","                    typeof document.querySelector('body') === 'object' &&","                    typeof XMLHttpRequest.prototype.open === 'function' &&","                    'browser';","            } catch (errorCaughtBrowser) {","                return module.exports &&","                    typeof process.versions.node === 'string' &&","                    typeof require('http').createServer === 'function' &&","                    'node';","            }","        }());","        // init global","        local.global = local.modeJs === 'browser'","            ? window","            : global;","        // init utility2_rollup","        local = local.global.utility2_rollup || local;","        // init lib","        local.local = local.npmtest_apollo_client = local;","        // init exports","        if (local.modeJs === 'browser') {","            local.global.utility2_npmtest_apollo_client = local;","        } else {","            module.exports = local;","            module.exports.__dirname = __dirname;","            module.exports.module = module;","        }","    }());","}());",""],"l":{"12":2,"14":2,"19":2,"21":2,"23":2,"24":2,"25":2,"30":1,"37":2,"41":2,"43":2,"45":2,"46":1,"48":1,"49":1,"50":1}},"/home/travis/build/npmtest/node-npmtest-apollo-client/example.js":{"path":"/home/travis/build/npmtest/node-npmtest-apollo-client/example.js","s":{"1":2,"2":2,"3":2,"4":2,"5":2,"6":2,"7":2,"8":1,"9":2,"10":2,"11":2,"12":2,"13":1,"14":2,"15":2,"16":2,"17":2,"18":2,"19":0,"20":2,"21":1,"22":1,"23":1,"24":1,"25":1,"26":0,"27":0,"28":1,"29":1,"30":2,"31":0,"32":0,"33":0,"34":1,"35":2,"36":2,"37":3,"38":3,"39":3,"40":3,"41":0,"42":3,"43":3,"44":3,"45":1,"46":3,"47":1,"48":1,"49":1,"50":1,"51":1,"52":1,"53":1,"54":1,"55":1,"56":1,"57":0,"58":1,"59":6,"60":6,"61":1,"62":2,"63":0,"64":2,"65":1,"66":1,"67":0,"68":0,"69":0,"70":0,"71":0,"72":0,"73":0,"74":0,"75":0,"76":0,"77":0,"78":0,"79":0,"80":0,"81":0,"82":0,"83":0},"b":{"1":[2,1,1,1],"2":[1,1,1,1],"3":[1,1],"4":[2,2],"5":[1,1],"6":[1,1],"7":[2,0],"8":[2,1,1,1,1,1],"9":[0,2,0],"10":[1,1],"11":[2,1,1],"12":[1,0],"13":[0,2],"14":[2,0,0,0,0,0,0],"15":[0,3],"16":[3,0],"17":[1,1],"18":[0,1],"19":[1,2,0,2],"20":[1,0],"21":[1,1],"22":[0,0],"23":[0,0],"24":[0,0],"25":[0,0],"26":[0,0],"27":[0,0],"28":[0,0]},"f":{"1":2,"2":2,"3":2,"4":2,"5":2,"6":2,"7":3,"8":3,"9":3,"10":1,"11":6,"12":0},"fnMap":{"1":{"name":"(anonymous_1)","line":26,"loc":{"start":{"line":26,"column":1},"end":{"line":26,"column":13}}},"2":{"name":"(anonymous_2)","line":33,"loc":{"start":{"line":33,"column":5},"end":{"line":33,"column":17}}},"3":{"name":"(anonymous_3)","line":37,"loc":{"start":{"line":37,"column":24},"end":{"line":37,"column":36}}},"4":{"name":"(anonymous_4)","line":69,"loc":{"start":{"line":69,"column":31},"end":{"line":69,"column":48}},"skip":true},"5":{"name":"(anonymous_5)","line":78,"loc":{"start":{"line":78,"column":26},"end":{"line":78,"column":45}},"skip":true},"6":{"name":"(anonymous_6)","line":123,"loc":{"start":{"line":123,"column":33},"end":{"line":123,"column":48}},"skip":true},"7":{"name":"(anonymous_7)","line":125,"loc":{"start":{"line":125,"column":27},"end":{"line":125,"column":39}},"skip":true},"8":{"name":"(anonymous_8)","line":133,"loc":{"start":{"line":133,"column":59},"end":{"line":133,"column":74}},"skip":true},"9":{"name":"(anonymous_9)","line":143,"loc":{"start":{"line":143,"column":45},"end":{"line":143,"column":62}},"skip":true},"10":{"name":"(anonymous_10)","line":144,"loc":{"start":{"line":144,"column":73},"end":{"line":144,"column":92}},"skip":true},"11":{"name":"(anonymous_11)","line":272,"loc":{"start":{"line":272,"column":51},"end":{"line":272,"column":77}},"skip":true},"12":{"name":"(anonymous_12)","line":315,"loc":{"start":{"line":315,"column":32},"end":{"line":315,"column":61}},"skip":true}},"statementMap":{"1":{"start":{"line":26,"column":0},"end":{"line":326,"column":5}},"2":{"start":{"line":28,"column":4},"end":{"line":28,"column":14}},"3":{"start":{"line":33,"column":4},"end":{"line":60,"column":9}},"4":{"start":{"line":35,"column":8},"end":{"line":35,"column":19}},"5":{"start":{"line":37,"column":8},"end":{"line":49,"column":13}},"6":{"start":{"line":38,"column":12},"end":{"line":48,"column":13}},"7":{"start":{"line":39,"column":16},"end":{"line":42,"column":30}},"8":{"start":{"line":44,"column":16},"end":{"line":47,"column":27}},"9":{"start":{"line":51,"column":8},"end":{"line":53,"column":21}},"10":{"start":{"line":55,"column":8},"end":{"line":57,"column":45}},"11":{"start":{"line":59,"column":8},"end":{"line":59,"column":35}},"12":{"start":{"line":61,"column":4},"end":{"line":325,"column":5}},"13":{"start":{"line":69,"column":8},"end":{"line":121,"column":10},"skip":true},"14":{"start":{"line":70,"column":12},"end":{"line":88,"column":13},"skip":true},"15":{"start":{"line":76,"column":16},"end":{"line":87,"column":19},"skip":true},"16":{"start":{"line":79,"column":20},"end":{"line":86,"column":21},"skip":true},"17":{"start":{"line":82,"column":24},"end":{"line":82,"column":43},"skip":true},"18":{"start":{"line":83,"column":24},"end":{"line":83,"column":30},"skip":true},"19":{"start":{"line":85,"column":24},"end":{"line":85,"column":49},"skip":true},"20":{"start":{"line":89,"column":12},"end":{"line":107,"column":13},"skip":true},"21":{"start":{"line":92,"column":16},"end":{"line":102,"column":17},"skip":true},"22":{"start":{"line":93,"column":20},"end":{"line":93,"column":86},"skip":true},"23":{"start":{"line":94,"column":20},"end":{"line":95,"column":45},"skip":true},"24":{"start":{"line":96,"column":20},"end":{"line":96,"column":42},"skip":true},"25":{"start":{"line":97,"column":20},"end":{"line":97,"column":48},"skip":true},"26":{"start":{"line":100,"column":20},"end":{"line":100,"column":85},"skip":true},"27":{"start":{"line":101,"column":20},"end":{"line":101,"column":96},"skip":true},"28":{"start":{"line":103,"column":16},"end":{"line":103,"column":22},"skip":true},"29":{"start":{"line":106,"column":16},"end":{"line":106,"column":22},"skip":true},"30":{"start":{"line":108,"column":12},"end":{"line":120,"column":13},"skip":true},"31":{"start":{"line":114,"column":16},"end":{"line":119,"column":17},"skip":true},"32":{"start":{"line":116,"column":20},"end":{"line":116,"column":78},"skip":true},"33":{"start":{"line":118,"column":20},"end":{"line":118,"column":47},"skip":true},"34":{"start":{"line":123,"column":8},"end":{"line":141,"column":11},"skip":true},"35":{"start":{"line":124,"column":12},"end":{"line":124,"column":54},"skip":true},"36":{"start":{"line":125,"column":12},"end":{"line":140,"column":14},"skip":true},"37":{"start":{"line":126,"column":16},"end":{"line":126,"column":28},"skip":true},"38":{"start":{"line":127,"column":16},"end":{"line":127,"column":69},"skip":true},"39":{"start":{"line":128,"column":16},"end":{"line":128,"column":75},"skip":true},"40":{"start":{"line":129,"column":16},"end":{"line":131,"column":17},"skip":true},"41":{"start":{"line":130,"column":20},"end":{"line":130,"column":27},"skip":true},"42":{"start":{"line":133,"column":16},"end":{"line":137,"column":36},"skip":true},"43":{"start":{"line":134,"column":20},"end":{"line":136,"column":55},"skip":true},"44":{"start":{"line":139,"column":16},"end":{"line":139,"column":57},"skip":true},"45":{"start":{"line":143,"column":8},"end":{"line":147,"column":11},"skip":true},"46":{"start":{"line":144,"column":12},"end":{"line":146,"column":15},"skip":true},"47":{"start":{"line":145,"column":16},"end":{"line":145,"column":70},"skip":true},"48":{"start":{"line":149,"column":8},"end":{"line":149,"column":31},"skip":true},"49":{"start":{"line":150,"column":8},"end":{"line":150,"column":14},"skip":true},"50":{"start":{"line":158,"column":8},"end":{"line":158,"column":31},"skip":true},"51":{"start":{"line":160,"column":8},"end":{"line":160,"column":33},"skip":true},"52":{"start":{"line":161,"column":8},"end":{"line":161,"column":37},"skip":true},"53":{"start":{"line":162,"column":8},"end":{"line":162,"column":35},"skip":true},"54":{"start":{"line":164,"column":8},"end":{"line":164,"column":50},"skip":true},"55":{"start":{"line":166,"column":8},"end":{"line":256,"column":2},"skip":true},"56":{"start":{"line":258,"column":8},"end":{"line":286,"column":9},"skip":true},"57":{"start":{"line":259,"column":12},"end":{"line":269,"column":14},"skip":true},"58":{"start":{"line":271,"column":12},"end":{"line":285,"column":19},"skip":true},"59":{"start":{"line":274,"column":20},"end":{"line":274,"column":35},"skip":true},"60":{"start":{"line":275,"column":20},"end":{"line":284,"column":21},"skip":true},"61":{"start":{"line":277,"column":24},"end":{"line":277,"column":64},"skip":true},"62":{"start":{"line":279,"column":24},"end":{"line":279,"column":40},"skip":true},"63":{"start":{"line":281,"column":24},"end":{"line":281,"column":40},"skip":true},"64":{"start":{"line":283,"column":24},"end":{"line":283,"column":39},"skip":true},"65":{"start":{"line":288,"column":8},"end":{"line":290,"column":9},"skip":true},"66":{"start":{"line":289,"column":12},"end":{"line":289,"column":18},"skip":true},"67":{"start":{"line":291,"column":8},"end":{"line":293,"column":54},"skip":true},"68":{"start":{"line":296,"column":8},"end":{"line":301,"column":37},"skip":true},"69":{"start":{"line":303,"column":8},"end":{"line":303,"column":82},"skip":true},"70":{"start":{"line":306,"column":8},"end":{"line":308,"column":9},"skip":true},"71":{"start":{"line":307,"column":12},"end":{"line":307,"column":82},"skip":true},"72":{"start":{"line":310,"column":8},"end":{"line":312,"column":9},"skip":true},"73":{"start":{"line":311,"column":12},"end":{"line":311,"column":18},"skip":true},"74":{"start":{"line":313,"column":8},"end":{"line":313,"column":54},"skip":true},"75":{"start":{"line":314,"column":8},"end":{"line":314,"column":69},"skip":true},"76":{"start":{"line":315,"column":8},"end":{"line":323,"column":36},"skip":true},"77":{"start":{"line":316,"column":12},"end":{"line":316,"column":61},"skip":true},"78":{"start":{"line":317,"column":12},"end":{"line":320,"column":13},"skip":true},"79":{"start":{"line":318,"column":16},"end":{"line":318,"column":75},"skip":true},"80":{"start":{"line":319,"column":16},"end":{"line":319,"column":23},"skip":true},"81":{"start":{"line":321,"column":12},"end":{"line":321,"column":38},"skip":true},"82":{"start":{"line":322,"column":12},"end":{"line":322,"column":27},"skip":true},"83":{"start":{"line":324,"column":8},"end":{"line":324,"column":14},"skip":true}},"branchMap":{"1":{"line":39,"type":"binary-expr","locations":[{"start":{"line":39,"column":23},"end":{"line":39,"column":62}},{"start":{"line":40,"column":20},"end":{"line":40,"column":70}},{"start":{"line":41,"column":20},"end":{"line":41,"column":71}},{"start":{"line":42,"column":20},"end":{"line":42,"column":29}}]},"2":{"line":44,"type":"binary-expr","locations":[{"start":{"line":44,"column":23},"end":{"line":44,"column":37}},{"start":{"line":45,"column":20},"end":{"line":45,"column":61}},{"start":{"line":46,"column":20},"end":{"line":46,"column":70}},{"start":{"line":47,"column":20},"end":{"line":47,"column":26}}]},"3":{"line":51,"type":"cond-expr","locations":[{"start":{"line":52,"column":14},"end":{"line":52,"column":20}},{"start":{"line":53,"column":14},"end":{"line":53,"column":20}}]},"4":{"line":55,"type":"binary-expr","locations":[{"start":{"line":55,"column":16},"end":{"line":55,"column":44}},{"start":{"line":55,"column":49},"end":{"line":57,"column":43}}]},"5":{"line":55,"type":"cond-expr","locations":[{"start":{"line":56,"column":14},"end":{"line":56,"column":57}},{"start":{"line":57,"column":14},"end":{"line":57,"column":43}}]},"6":{"line":61,"type":"switch","locations":[{"start":{"line":68,"column":4},"end":{"line":150,"column":14},"skip":true},{"start":{"line":156,"column":4},"end":{"line":324,"column":14},"skip":true}]},"7":{"line":70,"type":"if","locations":[{"start":{"line":70,"column":12},"end":{"line":70,"column":12},"skip":true},{"start":{"line":70,"column":12},"end":{"line":70,"column":12},"skip":true}]},"8":{"line":70,"type":"binary-expr","locations":[{"start":{"line":70,"column":16},"end":{"line":70,"column":22},"skip":true},{"start":{"line":70,"column":27},"end":{"line":70,"column":32},"skip":true},{"start":{"line":71,"column":20},"end":{"line":71,"column":39},"skip":true},{"start":{"line":72,"column":20},"end":{"line":72,"column":49},"skip":true},{"start":{"line":73,"column":20},"end":{"line":73,"column":58},"skip":true},{"start":{"line":74,"column":20},"end":{"line":74,"column":69},"skip":true}]},"9":{"line":79,"type":"switch","locations":[{"start":{"line":80,"column":20},"end":{"line":80,"column":33},"skip":true},{"start":{"line":81,"column":20},"end":{"line":83,"column":30},"skip":true},{"start":{"line":84,"column":20},"end":{"line":85,"column":49},"skip":true}]},"10":{"line":89,"type":"switch","locations":[{"start":{"line":90,"column":12},"end":{"line":103,"column":22},"skip":true},{"start":{"line":105,"column":12},"end":{"line":106,"column":22},"skip":true}]},"11":{"line":89,"type":"binary-expr","locations":[{"start":{"line":89,"column":20},"end":{"line":89,"column":25},"skip":true},{"start":{"line":89,"column":29},"end":{"line":89,"column":48},"skip":true},{"start":{"line":89,"column":52},"end":{"line":89,"column":74},"skip":true}]},"12":{"line":92,"type":"if","locations":[{"start":{"line":92,"column":16},"end":{"line":92,"column":16},"skip":true},{"start":{"line":92,"column":16},"end":{"line":92,"column":16},"skip":true}]},"13":{"line":108,"type":"if","locations":[{"start":{"line":108,"column":12},"end":{"line":108,"column":12},"skip":true},{"start":{"line":108,"column":12},"end":{"line":108,"column":12},"skip":true}]},"14":{"line":108,"type":"binary-expr","locations":[{"start":{"line":108,"column":16},"end":{"line":108,"column":61},"skip":true},{"start":{"line":108,"column":66},"end":{"line":108,"column":72},"skip":true},{"start":{"line":108,"column":77},"end":{"line":108,"column":82},"skip":true},{"start":{"line":109,"column":20},"end":{"line":109,"column":39},"skip":true},{"start":{"line":110,"column":20},"end":{"line":110,"column":49},"skip":true},{"start":{"line":111,"column":20},"end":{"line":111,"column":58},"skip":true},{"start":{"line":112,"column":20},"end":{"line":112,"column":68},"skip":true}]},"15":{"line":129,"type":"if","locations":[{"start":{"line":129,"column":16},"end":{"line":129,"column":16},"skip":true},{"start":{"line":129,"column":16},"end":{"line":129,"column":16},"skip":true}]},"16":{"line":134,"type":"cond-expr","locations":[{"start":{"line":135,"column":26},"end":{"line":135,"column":29},"skip":true},{"start":{"line":136,"column":26},"end":{"line":136,"column":54},"skip":true}]},"17":{"line":164,"type":"binary-expr","locations":[{"start":{"line":164,"column":27},"end":{"line":164,"column":43},"skip":true},{"start":{"line":164,"column":47},"end":{"line":164,"column":49},"skip":true}]},"18":{"line":258,"type":"if","locations":[{"start":{"line":258,"column":8},"end":{"line":258,"column":8},"skip":true},{"start":{"line":258,"column":8},"end":{"line":258,"column":8},"skip":true}]},"19":{"line":275,"type":"switch","locations":[{"start":{"line":276,"column":20},"end":{"line":277,"column":64},"skip":true},{"start":{"line":278,"column":20},"end":{"line":279,"column":40},"skip":true},{"start":{"line":280,"column":20},"end":{"line":281,"column":40},"skip":true},{"start":{"line":282,"column":20},"end":{"line":283,"column":39},"skip":true}]},"20":{"line":288,"type":"if","locations":[{"start":{"line":288,"column":8},"end":{"line":288,"column":8},"skip":true},{"start":{"line":288,"column":8},"end":{"line":288,"column":8},"skip":true}]},"21":{"line":288,"type":"binary-expr","locations":[{"start":{"line":288,"column":12},"end":{"line":288,"column":40},"skip":true},{"start":{"line":288,"column":44},"end":{"line":288,"column":67},"skip":true}]},"22":{"line":292,"type":"binary-expr","locations":[{"start":{"line":292,"column":12},"end":{"line":292,"column":50},"skip":true},{"start":{"line":293,"column":12},"end":{"line":293,"column":53},"skip":true}]},"23":{"line":297,"type":"binary-expr","locations":[{"start":{"line":297,"column":12},"end":{"line":297,"column":71},"skip":true},{"start":{"line":298,"column":12},"end":{"line":301,"column":36},"skip":true}]},"24":{"line":303,"type":"binary-expr","locations":[{"start":{"line":303,"column":43},"end":{"line":303,"column":75},"skip":true},{"start":{"line":303,"column":79},"end":{"line":303,"column":81},"skip":true}]},"25":{"line":306,"type":"if","locations":[{"start":{"line":306,"column":8},"end":{"line":306,"column":8},"skip":true},{"start":{"line":306,"column":8},"end":{"line":306,"column":8},"skip":true}]},"26":{"line":310,"type":"if","locations":[{"start":{"line":310,"column":8},"end":{"line":310,"column":8},"skip":true},{"start":{"line":310,"column":8},"end":{"line":310,"column":8},"skip":true}]},"27":{"line":313,"type":"binary-expr","locations":[{"start":{"line":313,"column":27},"end":{"line":313,"column":43},"skip":true},{"start":{"line":313,"column":47},"end":{"line":313,"column":53},"skip":true}]},"28":{"line":317,"type":"if","locations":[{"start":{"line":317,"column":12},"end":{"line":317,"column":12},"skip":true},{"start":{"line":317,"column":12},"end":{"line":317,"column":12},"skip":true}]}},"code":["/*","example.js","","quickstart example","","instruction","    1. save this script as example.js","    2. run the shell command:","        $ npm install npmtest-apollo-client && PORT=8081 node example.js","    3. play with the browser-demo on http://127.0.0.1:8081","*/","","","","/* istanbul instrument in package npmtest_apollo_client */","/*jslint","    bitwise: true,","    browser: true,","    maxerr: 8,","    maxlen: 96,","    node: true,","    nomen: true,","    regexp: true,","    stupid: true","*/","(function () {","    'use strict';","    var local;","","","","    // run shared js-env code - init-before","    (function () {","        // init local","        local = {};","        // init modeJs","        local.modeJs = (function () {","            try {","                return typeof navigator.userAgent === 'string' &&","                    typeof document.querySelector('body') === 'object' &&","                    typeof XMLHttpRequest.prototype.open === 'function' &&","                    'browser';","            } catch (errorCaughtBrowser) {","                return module.exports &&","                    typeof process.versions.node === 'string' &&","                    typeof require('http').createServer === 'function' &&","                    'node';","            }","        }());","        // init global","        local.global = local.modeJs === 'browser'","            ? window","            : global;","        // init utility2_rollup","        local = local.global.utility2_rollup || (local.modeJs === 'browser'","            ? local.global.utility2_npmtest_apollo_client","            : global.utility2_moduleExports);","        // export local","        local.global.local = local;","    }());","    switch (local.modeJs) {","","","","    // init-after","    // run browser js-env code - init-after","    /* istanbul ignore next */","    case 'browser':","        local.testRunBrowser = function (event) {","            if (!event || (event &&","                    event.currentTarget &&","                    event.currentTarget.className &&","                    event.currentTarget.className.includes &&","                    event.currentTarget.className.includes('onreset'))) {","                // reset output","                Array.from(","                    document.querySelectorAll('body > .resettable')","                ).forEach(function (element) {","                    switch (element.tagName) {","                    case 'INPUT':","                    case 'TEXTAREA':","                        element.value = '';","                        break;","                    default:","                        element.textContent = '';","                    }","                });","            }","            switch (event && event.currentTarget && event.currentTarget.id) {","            case 'testRunButton1':","                // show tests","                if (document.querySelector('#testReportDiv1').style.display === 'none') {","                    document.querySelector('#testReportDiv1').style.display = 'block';","                    document.querySelector('#testRunButton1').textContent =","                        'hide internal test';","                    local.modeTest = true;","                    local.testRunDefault(local);","                // hide tests","                } else {","                    document.querySelector('#testReportDiv1').style.display = 'none';","                    document.querySelector('#testRunButton1').textContent = 'run internal test';","                }","                break;","            // custom-case","            default:","                break;","            }","            if (document.querySelector('#inputTextareaEval1') && (!event || (event &&","                    event.currentTarget &&","                    event.currentTarget.className &&","                    event.currentTarget.className.includes &&","                    event.currentTarget.className.includes('oneval')))) {","                // try to eval input-code","                try {","                    /*jslint evil: true*/","                    eval(document.querySelector('#inputTextareaEval1').value);","                } catch (errorCaught) {","                    console.error(errorCaught);","                }","            }","        };","        // log stderr and stdout to #outputTextareaStdout1","        ['error', 'log'].forEach(function (key) {","            console[key + '_original'] = console[key];","            console[key] = function () {","                var element;","                console[key + '_original'].apply(console, arguments);","                element = document.querySelector('#outputTextareaStdout1');","                if (!element) {","                    return;","                }","                // append text to #outputTextareaStdout1","                element.value += Array.from(arguments).map(function (arg) {","                    return typeof arg === 'string'","                        ? arg","                        : JSON.stringify(arg, null, 4);","                }).join(' ') + '\\n';","                // scroll textarea to bottom","                element.scrollTop = element.scrollHeight;","            };","        });","        // init event-handling","        ['change', 'click', 'keyup'].forEach(function (event) {","            Array.from(document.querySelectorAll('.on' + event)).forEach(function (element) {","                element.addEventListener(event, local.testRunBrowser);","            });","        });","        // run tests","        local.testRunBrowser();","        break;","","","","    // run node js-env code - init-after","    /* istanbul ignore next */","    case 'node':","        // export local","        module.exports = local;","        // require modules","        local.fs = require('fs');","        local.http = require('http');","        local.url = require('url');","        // init assets","        local.assetsDict = local.assetsDict || {};","        /* jslint-ignore-begin */","        local.assetsDict['/assets.index.template.html'] = '\\","<!doctype html>\\n\\","<html lang=\"en\">\\n\\","<head>\\n\\","<meta charset=\"UTF-8\">\\n\\","<meta name=\"viewport\" content=\"width=device-width, initial-scale=1\">\\n\\","<title>{{env.npm_package_name}} (v{{env.npm_package_version}})</title>\\n\\","<style>\\n\\","/*csslint\\n\\","    box-sizing: false,\\n\\","    universal-selector: false\\n\\","*/\\n\\","* {\\n\\","    box-sizing: border-box;\\n\\","}\\n\\","body {\\n\\","    background: #dde;\\n\\","    font-family: Arial, Helvetica, sans-serif;\\n\\","    margin: 2rem;\\n\\","}\\n\\","body > * {\\n\\","    margin-bottom: 1rem;\\n\\","}\\n\\",".utility2FooterDiv {\\n\\","    margin-top: 20px;\\n\\","    text-align: center;\\n\\","}\\n\\","</style>\\n\\","<style>\\n\\","/*csslint\\n\\","*/\\n\\","textarea {\\n\\","    font-family: monospace;\\n\\","    height: 10rem;\\n\\","    width: 100%;\\n\\","}\\n\\","textarea[readonly] {\\n\\","    background: #ddd;\\n\\","}\\n\\","</style>\\n\\","</head>\\n\\","<body>\\n\\","<!-- utility2-comment\\n\\","<div id=\"ajaxProgressDiv1\" style=\"background: #d00; height: 2px; left: 0; margin: 0; padding: 0; position: fixed; top: 0; transition: background 0.5s, width 1.5s; width: 25%;\"></div>\\n\\","utility2-comment -->\\n\\","<h1>\\n\\","<!-- utility2-comment\\n\\","    <a\\n\\","        {{#if env.npm_package_homepage}}\\n\\","        href=\"{{env.npm_package_homepage}}\"\\n\\","        {{/if env.npm_package_homepage}}\\n\\","        target=\"_blank\"\\n\\","    >\\n\\","utility2-comment -->\\n\\","        {{env.npm_package_name}} (v{{env.npm_package_version}})\\n\\","<!-- utility2-comment\\n\\","    </a>\\n\\","utility2-comment -->\\n\\","</h1>\\n\\","<h3>{{env.npm_package_description}}</h3>\\n\\","<!-- utility2-comment\\n\\","<h4><a download href=\"assets.app.js\">download standalone app</a></h4>\\n\\","<button class=\"onclick onreset\" id=\"testRunButton1\">run internal test</button><br>\\n\\","<div id=\"testReportDiv1\" style=\"display: none;\"></div>\\n\\","utility2-comment -->\\n\\","\\n\\","\\n\\","\\n\\","<label>stderr and stdout</label>\\n\\","<textarea class=\"resettable\" id=\"outputTextareaStdout1\" readonly></textarea>\\n\\","<!-- utility2-comment\\n\\","{{#if isRollup}}\\n\\","<script src=\"assets.app.js\"></script>\\n\\","{{#unless isRollup}}\\n\\","utility2-comment -->\\n\\","<script src=\"assets.utility2.rollup.js\"></script>\\n\\","<script src=\"jsonp.utility2._stateInit?callback=window.utility2._stateInit\"></script>\\n\\","<script src=\"assets.npmtest_apollo_client.rollup.js\"></script>\\n\\","<script src=\"assets.example.js\"></script>\\n\\","<script src=\"assets.test.js\"></script>\\n\\","<!-- utility2-comment\\n\\","{{/if isRollup}}\\n\\","utility2-comment -->\\n\\","<div class=\"utility2FooterDiv\">\\n\\","    [ this app was created with\\n\\","    <a href=\"https://github.com/kaizhu256/node-utility2\" target=\"_blank\">utility2</a>\\n\\","    ]\\n\\","</div>\\n\\","</body>\\n\\","</html>\\n\\","';","        /* jslint-ignore-end */","        if (local.templateRender) {","            local.assetsDict['/'] = local.templateRender(","                local.assetsDict['/assets.index.template.html'],","                {","                    env: local.objectSetDefault(local.env, {","                        npm_package_description: 'the greatest app in the world!',","                        npm_package_name: 'my-app',","                        npm_package_nameAlias: 'my_app',","                        npm_package_version: '0.0.1'","                    })","                }","            );","        } else {","            local.assetsDict['/'] = local.assetsDict['/assets.index.template.html']","                .replace((/\\{\\{env\\.(\\w+?)\\}\\}/g), function (match0, match1) {","                    // jslint-hack","                    String(match0);","                    switch (match1) {","                    case 'npm_package_description':","                        return 'the greatest app in the world!';","                    case 'npm_package_name':","                        return 'my-app';","                    case 'npm_package_nameAlias':","                        return 'my_app';","                    case 'npm_package_version':","                        return '0.0.1';","                    }","                });","        }","        // run the cli","        if (local.global.utility2_rollup || module !== require.main) {","            break;","        }","        local.assetsDict['/assets.example.js'] =","            local.assetsDict['/assets.example.js'] ||","            local.fs.readFileSync(__filename, 'utf8');","        // bug-workaround - long $npm_package_buildCustomOrg","        /* jslint-ignore-begin */","        local.assetsDict['/assets.npmtest_apollo_client.rollup.js'] =","            local.assetsDict['/assets.npmtest_apollo_client.rollup.js'] ||","            local.fs.readFileSync(","                local.npmtest_apollo_client.__dirname + '/lib.npmtest_apollo_client.js',","                'utf8'","            ).replace((/^#!/), '//');","        /* jslint-ignore-end */","        local.assetsDict['/favicon.ico'] = local.assetsDict['/favicon.ico'] || '';","        // if $npm_config_timeout_exit exists,","        // then exit this process after $npm_config_timeout_exit ms","        if (Number(process.env.npm_config_timeout_exit)) {","            setTimeout(process.exit, Number(process.env.npm_config_timeout_exit));","        }","        // start server","        if (local.global.utility2_serverHttp1) {","            break;","        }","        process.env.PORT = process.env.PORT || '8081';","        console.error('server starting on port ' + process.env.PORT);","        local.http.createServer(function (request, response) {","            request.urlParsed = local.url.parse(request.url);","            if (local.assetsDict[request.urlParsed.pathname] !== undefined) {","                response.end(local.assetsDict[request.urlParsed.pathname]);","                return;","            }","            response.statusCode = 404;","            response.end();","        }).listen(process.env.PORT);","        break;","    }","}());",""],"l":{"26":2,"28":2,"33":2,"35":2,"37":2,"38":2,"39":2,"44":1,"51":2,"55":2,"59":2,"61":2,"69":1,"70":2,"76":2,"79":2,"82":2,"83":2,"85":1,"89":2,"92":1,"93":1,"94":1,"96":1,"97":1,"100":1,"101":1,"103":1,"106":1,"108":2,"114":1,"116":1,"118":1,"123":1,"124":2,"125":2,"126":3,"127":3,"128":3,"129":3,"130":1,"133":3,"134":3,"139":3,"143":1,"144":3,"145":1,"149":1,"150":1,"158":1,"160":1,"161":1,"162":1,"164":1,"166":1,"258":1,"259":1,"271":1,"274":6,"275":6,"277":1,"279":2,"281":1,"283":2,"288":1,"289":1,"291":1,"296":1,"303":1,"306":1,"307":1,"310":1,"311":1,"313":1,"314":1,"315":1,"316":1,"317":1,"318":1,"319":1,"321":1,"322":1,"324":1}},"/home/travis/build/npmtest/node-npmtest-apollo-client/node_modules/apollo-client/apollo.umd.js":{"path":"/home/travis/build/npmtest/node-npmtest-apollo-client/node_modules/apollo-client/apollo.umd.js","s":{"1":1,"2":1,"3":1,"4":1,"5":1,"6":1,"7":0,"8":0,"9":0,"10":0,"11":1,"12":1,"13":1,"14":1,"15":1,"16":1,"17":0,"18":0,"19":0,"20":0,"21":0,"22":0,"23":1,"24":0,"25":1,"26":1,"27":0,"28":0,"29":0,"30":0,"31":0,"32":0,"33":0,"34":0,"35":0,"36":0,"37":1,"38":0,"39":0,"40":1,"41":1,"42":1,"43":1,"44":0,"45":1,"46":0,"47":0,"48":0,"49":0,"50":0,"51":0,"52":0,"53":0,"54":0,"55":0,"56":0,"57":0,"58":1,"59":0,"60":0,"61":0,"62":0,"63":0,"64":0,"65":0,"66":0,"67":0,"68":0,"69":0,"70":0,"71":0,"72":1,"73":0,"74":0,"75":1,"76":0,"77":0,"78":0,"79":0,"80":0,"81":0,"82":0,"83":0,"84":0,"85":0,"86":0,"87":0,"88":0,"89":0,"90":1,"91":0,"92":0,"93":0,"94":0,"95":0,"96":0,"97":1,"98":0,"99":0,"100":0,"101":0,"102":0,"103":0,"104":1,"105":1,"106":0,"107":0,"108":0,"109":0,"110":0,"111":0,"112":0,"113":0,"114":0,"115":0,"116":0,"117":0,"118":0,"119":1,"120":1,"121":0,"122":0,"123":0,"124":0,"125":0,"126":1,"127":0,"128":0,"129":0,"130":0,"131":0,"132":0,"133":0,"134":0,"135":1,"136":0,"137":0,"138":0,"139":0,"140":0,"141":0,"142":0,"143":0,"144":0,"145":0,"146":0,"147":0,"148":0,"149":0,"150":0,"151":0,"152":0,"153":1,"154":0,"155":0,"156":0,"157":1,"158":1,"159":0,"160":0,"161":0,"162":0,"163":0,"164":0,"165":0,"166":1,"167":1,"168":0,"169":0,"170":0,"171":0,"172":1,"173":1,"174":1,"175":1,"176":1,"177":1,"178":0,"179":0,"180":0,"181":0,"182":0,"183":0,"184":1,"185":1,"186":1,"187":0,"188":0,"189":0,"190":0,"191":0,"192":1,"193":0,"194":1,"195":0,"196":0,"197":0,"198":0,"199":0,"200":0,"201":0,"202":0,"203":0,"204":0,"205":0,"206":0,"207":0,"208":0,"209":0,"210":0,"211":0,"212":0,"213":0,"214":1,"215":0,"216":0,"217":0,"218":0,"219":0,"220":0,"221":0,"222":0,"223":0,"224":0,"225":0,"226":0,"227":1,"228":0,"229":0,"230":0,"231":0,"232":0,"233":0,"234":0,"235":0,"236":0,"237":0,"238":0,"239":0,"240":0,"241":1,"242":0,"243":0,"244":0,"245":0,"246":0,"247":0,"248":1,"249":0,"250":0,"251":0,"252":0,"253":0,"254":0,"255":1,"256":0,"257":0,"258":0,"259":0,"260":0,"261":1,"262":1,"263":0,"264":0,"265":0,"266":1,"267":0,"268":1,"269":0,"270":1,"271":0,"272":1,"273":0,"274":1,"275":0,"276":1,"277":0,"278":1,"279":0,"280":1,"281":0,"282":1,"283":0,"284":1,"285":0,"286":1,"287":0,"288":1,"289":0,"290":1,"291":0,"292":0,"293":0,"294":0,"295":0,"296":0,"297":1,"298":0,"299":0,"300":0,"301":0,"302":0,"303":0,"304":0,"305":0,"306":0,"307":0,"308":0,"309":1,"310":0,"311":0,"312":0,"313":0,"314":0,"315":1,"316":0,"317":0,"318":0,"319":0,"320":0,"321":1,"322":0,"323":0,"324":0,"325":0,"326":0,"327":0,"328":0,"329":0,"330":1,"331":0,"332":0,"333":0,"334":0,"335":0,"336":0,"337":0,"338":0,"339":1,"340":0,"341":0,"342":0,"343":0,"344":0,"345":0,"346":1,"347":0,"348":0,"349":0,"350":0,"351":0,"352":0,"353":0,"354":0,"355":0,"356":0,"357":0,"358":0,"359":0,"360":1,"361":0,"362":1,"363":0,"364":1,"365":0,"366":1,"367":0,"368":1,"369":0,"370":1,"371":0,"372":1,"373":0,"374":1,"375":0,"376":1,"377":0,"378":0,"379":0,"380":0,"381":0,"382":0,"383":0,"384":0,"385":0,"386":0,"387":0,"388":0,"389":0,"390":0,"391":0,"392":0,"393":0,"394":0,"395":0,"396":0,"397":1,"398":0,"399":0,"400":0,"401":0,"402":0,"403":0,"404":0,"405":1,"406":0,"407":0,"408":0,"409":0,"410":1,"411":0,"412":1,"413":0,"414":1,"415":0,"416":1,"417":0,"418":1,"419":0,"420":1,"421":0,"422":0,"423":0,"424":1,"425":0,"426":1,"427":0,"428":0,"429":0,"430":0,"431":0,"432":0,"433":0,"434":0,"435":0,"436":0,"437":0,"438":0,"439":0,"440":0,"441":0,"442":0,"443":0,"444":0,"445":0,"446":0,"447":0,"448":0,"449":0,"450":0,"451":0,"452":0,"453":0,"454":0,"455":0,"456":1,"457":0,"458":0,"459":0,"460":0,"461":0,"462":0,"463":1,"464":0,"465":0,"466":0,"467":1,"468":0,"469":0,"470":0,"471":0,"472":1,"473":0,"474":0,"475":0,"476":0,"477":0,"478":0,"479":0,"480":0,"481":0,"482":0,"483":0,"484":0,"485":0,"486":0,"487":0,"488":0,"489":0,"490":0,"491":0,"492":0,"493":0,"494":1,"495":0,"496":1,"497":0,"498":0,"499":0,"500":0,"501":0,"502":0,"503":0,"504":0,"505":0,"506":1,"507":0,"508":0,"509":0,"510":0,"511":0,"512":0,"513":0,"514":0,"515":0,"516":0,"517":0,"518":0,"519":0,"520":0,"521":0,"522":0,"523":0,"524":0,"525":0,"526":0,"527":0,"528":0,"529":0,"530":0,"531":0,"532":0,"533":0,"534":0,"535":0,"536":0,"537":0,"538":0,"539":0,"540":0,"541":0,"542":0,"543":0,"544":1,"545":0,"546":0,"547":0,"548":0,"549":0,"550":0,"551":0,"552":0,"553":0,"554":0,"555":0,"556":0,"557":0,"558":0,"559":0,"560":1,"561":0,"562":0,"563":0,"564":0,"565":0,"566":0,"567":1,"568":1,"569":0,"570":0,"571":0,"572":0,"573":0,"574":1,"575":0,"576":0,"577":0,"578":0,"579":0,"580":0,"581":0,"582":0,"583":0,"584":0,"585":0,"586":0,"587":0,"588":0,"589":1,"590":0,"591":0,"592":0,"593":0,"594":0,"595":0,"596":1,"597":0,"598":0,"599":0,"600":0,"601":0,"602":0,"603":0,"604":0,"605":0,"606":1,"607":0,"608":0,"609":0,"610":0,"611":0,"612":0,"613":0,"614":0,"615":0,"616":0,"617":0,"618":0,"619":0,"620":0,"621":1,"622":0,"623":0,"624":0,"625":0,"626":0,"627":0,"628":1,"629":1,"630":0,"631":0,"632":1,"633":0,"634":0,"635":0,"636":0,"637":0,"638":0,"639":0,"640":0,"641":0,"642":0,"643":0,"644":0,"645":0,"646":0,"647":0,"648":0,"649":0,"650":0,"651":0,"652":0,"653":0,"654":0,"655":0,"656":0,"657":0,"658":1,"659":0,"660":0,"661":0,"662":0,"663":0,"664":0,"665":1,"666":0,"667":0,"668":1,"669":0,"670":0,"671":0,"672":0,"673":0,"674":0,"675":0,"676":0,"677":0,"678":0,"679":0,"680":0,"681":0,"682":0,"683":1,"684":0,"685":0,"686":0,"687":0,"688":0,"689":0,"690":0,"691":0,"692":0,"693":1,"694":0,"695":0,"696":0,"697":0,"698":0,"699":0,"700":1,"701":0,"702":0,"703":0,"704":0,"705":0,"706":0,"707":0,"708":0,"709":0,"710":0,"711":1,"712":1,"713":0,"714":0,"715":0,"716":0,"717":0,"718":0,"719":0,"720":0,"721":0,"722":0,"723":0,"724":0,"725":0,"726":0,"727":0,"728":1,"729":0,"730":0,"731":0,"732":0,"733":0,"734":0,"735":1,"736":0,"737":0,"738":0,"739":0,"740":0,"741":0,"742":1,"743":1,"744":0,"745":0,"746":0,"747":0,"748":1,"749":0,"750":0,"751":0,"752":0,"753":1,"754":0,"755":0,"756":0,"757":0,"758":0,"759":0,"760":0,"761":0,"762":1,"763":0,"764":0,"765":0,"766":0,"767":1,"768":0,"769":0,"770":0,"771":0,"772":0,"773":1,"774":1,"775":1,"776":0,"777":0,"778":0,"779":0,"780":1,"781":0,"782":0,"783":0,"784":0,"785":0,"786":1,"787":0,"788":0,"789":0,"790":0,"791":0,"792":1,"793":0,"794":0,"795":0,"796":0,"797":0,"798":0,"799":0,"800":0,"801":0,"802":1,"803":0,"804":0,"805":0,"806":0,"807":0,"808":1,"809":0,"810":0,"811":0,"812":0,"813":0,"814":0,"815":1,"816":0,"817":0,"818":1,"819":0,"820":0,"821":0,"822":1,"823":1,"824":0,"825":0,"826":0,"827":0,"828":0,"829":0,"830":1,"831":0,"832":0,"833":0,"834":1,"835":0,"836":0,"837":0,"838":0,"839":1,"840":0,"841":0,"842":0,"843":0,"844":0,"845":0,"846":1,"847":0,"848":0,"849":0,"850":0,"851":0,"852":0,"853":0,"854":0,"855":0,"856":0,"857":0,"858":0,"859":0,"860":0,"861":0,"862":0,"863":0,"864":0,"865":0,"866":0,"867":0,"868":0,"869":0,"870":0,"871":0,"872":0,"873":0,"874":0,"875":0,"876":0,"877":0,"878":0,"879":0,"880":0,"881":0,"882":0,"883":0,"884":0,"885":0,"886":0,"887":0,"888":0,"889":0,"890":0,"891":0,"892":0,"893":0,"894":0,"895":0,"896":0,"897":0,"898":0,"899":0,"900":0,"901":0,"902":0,"903":0,"904":0,"905":0,"906":0,"907":0,"908":0,"909":1,"910":1,"911":1,"912":1,"913":1,"914":1,"915":1,"916":1,"917":1,"918":0,"919":1,"920":0,"921":0,"922":0,"923":0,"924":0,"925":0,"926":1,"927":0,"928":0,"929":0,"930":0,"931":0,"932":0,"933":0,"934":0,"935":0,"936":0,"937":0,"938":0,"939":0,"940":0,"941":0,"942":0,"943":0,"944":0,"945":0,"946":0,"947":0,"948":0,"949":0,"950":0,"951":0,"952":0,"953":0,"954":0,"955":0,"956":0,"957":0,"958":0,"959":0,"960":0,"961":0,"962":0,"963":0,"964":0,"965":0,"966":0,"967":0,"968":0,"969":0,"970":0,"971":0,"972":0,"973":0,"974":0,"975":0,"976":0,"977":0,"978":0,"979":0,"980":0,"981":0,"982":0,"983":0,"984":0,"985":0,"986":0,"987":1,"988":0,"989":0,"990":0,"991":0,"992":0,"993":0,"994":1,"995":0,"996":0,"997":0,"998":0,"999":0,"1000":0,"1001":1,"1002":0,"1003":0,"1004":0,"1005":0,"1006":0,"1007":0,"1008":0,"1009":0,"1010":0,"1011":0,"1012":0,"1013":0,"1014":0,"1015":0,"1016":0,"1017":0,"1018":1,"1019":0,"1020":0,"1021":0,"1022":0,"1023":0,"1024":0,"1025":1,"1026":0,"1027":0,"1028":0,"1029":0,"1030":0,"1031":0,"1032":0,"1033":1,"1034":0,"1035":0,"1036":0,"1037":0,"1038":0,"1039":0,"1040":0,"1041":0,"1042":1,"1043":0,"1044":0,"1045":0,"1046":0,"1047":0,"1048":0,"1049":0,"1050":0,"1051":0,"1052":0,"1053":1,"1054":0,"1055":0,"1056":0,"1057":0,"1058":0,"1059":0,"1060":0,"1061":0,"1062":0,"1063":0,"1064":0,"1065":0,"1066":0,"1067":0,"1068":0,"1069":0,"1070":0,"1071":0,"1072":0,"1073":0,"1074":1,"1075":0,"1076":1,"1077":1,"1078":0,"1079":1,"1080":0,"1081":1,"1082":0,"1083":0,"1084":0,"1085":0,"1086":1,"1087":1,"1088":1,"1089":0,"1090":0,"1091":0,"1092":0,"1093":1,"1094":1,"1095":1,"1096":1,"1097":1,"1098":1,"1099":0,"1100":1,"1101":0,"1102":0,"1103":0,"1104":0,"1105":0,"1106":0,"1107":0,"1108":0,"1109":0,"1110":1,"1111":1,"1112":1,"1113":0,"1114":0,"1115":0,"1116":0,"1117":0,"1118":0,"1119":0,"1120":0,"1121":0,"1122":1,"1123":1,"1124":1,"1125":1,"1126":1,"1127":1,"1128":1,"1129":0,"1130":0,"1131":0,"1132":1,"1133":0,"1134":1,"1135":0,"1136":1,"1137":0,"1138":1,"1139":0,"1140":1,"1141":0,"1142":0,"1143":0,"1144":0,"1145":0,"1146":1,"1147":0,"1148":0,"1149":0,"1150":1,"1151":1,"1152":0,"1153":0,"1154":0,"1155":0,"1156":1,"1157":1,"1158":1,"1159":1,"1160":1,"1161":1,"1162":0,"1163":0,"1164":0,"1165":0,"1166":0,"1167":0,"1168":1,"1169":1,"1170":1,"1171":0,"1172":0,"1173":0,"1174":0,"1175":0,"1176":0,"1177":0,"1178":0,"1179":0,"1180":0,"1181":0,"1182":0,"1183":0,"1184":0,"1185":0,"1186":0,"1187":0,"1188":1,"1189":0,"1190":0,"1191":0,"1192":0,"1193":0,"1194":0,"1195":0,"1196":0,"1197":0,"1198":0,"1199":0,"1200":0,"1201":0,"1202":1,"1203":0,"1204":0,"1205":0,"1206":0,"1207":0,"1208":0,"1209":0,"1210":0,"1211":0,"1212":0,"1213":0,"1214":0,"1215":1,"1216":0,"1217":1,"1218":0,"1219":0,"1220":0,"1221":0,"1222":0,"1223":0,"1224":0,"1225":1,"1226":0,"1227":0,"1228":0,"1229":0,"1230":0,"1231":0,"1232":0,"1233":0,"1234":0,"1235":0,"1236":0,"1237":0,"1238":0,"1239":0,"1240":0,"1241":0,"1242":0,"1243":0,"1244":0,"1245":0,"1246":1,"1247":0,"1248":0,"1249":0,"1250":0,"1251":0,"1252":0,"1253":0,"1254":0,"1255":0,"1256":0,"1257":0,"1258":0,"1259":0,"1260":0,"1261":0,"1262":0,"1263":0,"1264":0,"1265":1,"1266":0,"1267":0,"1268":0,"1269":0,"1270":0,"1271":0,"1272":0,"1273":0,"1274":1,"1275":0,"1276":0,"1277":0,"1278":0,"1279":0,"1280":0,"1281":0,"1282":0,"1283":0,"1284":0,"1285":0,"1286":0,"1287":0,"1288":0,"1289":1,"1290":0,"1291":0,"1292":0,"1293":0,"1294":0,"1295":1,"1296":0,"1297":0,"1298":0,"1299":0,"1300":1,"1301":0,"1302":0,"1303":0,"1304":0,"1305":0,"1306":0,"1307":0,"1308":0,"1309":1,"1310":0,"1311":0,"1312":0,"1313":0,"1314":0,"1315":0,"1316":0,"1317":0,"1318":0,"1319":0,"1320":0,"1321":0,"1322":0,"1323":0,"1324":0,"1325":0,"1326":0,"1327":1,"1328":0,"1329":0,"1330":0,"1331":0,"1332":0,"1333":0,"1334":0,"1335":0,"1336":0,"1337":0,"1338":0,"1339":0,"1340":0,"1341":0,"1342":0,"1343":0,"1344":0,"1345":0,"1346":0,"1347":1,"1348":0,"1349":0,"1350":0,"1351":0,"1352":0,"1353":0,"1354":0,"1355":0,"1356":0,"1357":0,"1358":1,"1359":1,"1360":1,"1361":0,"1362":0,"1363":0,"1364":0,"1365":0,"1366":1,"1367":0,"1368":0,"1369":0,"1370":0,"1371":0,"1372":0,"1373":0,"1374":0,"1375":0,"1376":0,"1377":0,"1378":0,"1379":0,"1380":1,"1381":0,"1382":0,"1383":0,"1384":0,"1385":0,"1386":0,"1387":1,"1388":1,"1389":1,"1390":1,"1391":1,"1392":0,"1393":1,"1394":0,"1395":1,"1396":0,"1397":0,"1398":0,"1399":0,"1400":0,"1401":0,"1402":0,"1403":0,"1404":0,"1405":0,"1406":0,"1407":0,"1408":0,"1409":0,"1410":1,"1411":1,"1412":1,"1413":0,"1414":0,"1415":1,"1416":0,"1417":0,"1418":0,"1419":0,"1420":0,"1421":0,"1422":0,"1423":0,"1424":0,"1425":0,"1426":0,"1427":0,"1428":0,"1429":1,"1430":0,"1431":1,"1432":1,"1433":0,"1434":0,"1435":0,"1436":0,"1437":0,"1438":0,"1439":0,"1440":0,"1441":0,"1442":0,"1443":0,"1444":0,"1445":1,"1446":0,"1447":0,"1448":0,"1449":0,"1450":0,"1451":0,"1452":1,"1453":1,"1454":0,"1455":0,"1456":0,"1457":0,"1458":0,"1459":0,"1460":1,"1461":0,"1462":0,"1463":1,"1464":0,"1465":0,"1466":0,"1467":0,"1468":0,"1469":1,"1470":0,"1471":0,"1472":0,"1473":0,"1474":0,"1475":0,"1476":0,"1477":1,"1478":0,"1479":1,"1480":0,"1481":0,"1482":0,"1483":0,"1484":0,"1485":0,"1486":0,"1487":0,"1488":0,"1489":0,"1490":0,"1491":0,"1492":0,"1493":0,"1494":1,"1495":0,"1496":0,"1497":0,"1498":0,"1499":0,"1500":0,"1501":0,"1502":0,"1503":0,"1504":1,"1505":0,"1506":0,"1507":0,"1508":1,"1509":1,"1510":0,"1511":0,"1512":0,"1513":0,"1514":0,"1515":0,"1516":1,"1517":1,"1518":0,"1519":0,"1520":0,"1521":0,"1522":0,"1523":0,"1524":0,"1525":0,"1526":0,"1527":0,"1528":0,"1529":0,"1530":0,"1531":0,"1532":0,"1533":0,"1534":0,"1535":0,"1536":0,"1537":0,"1538":0,"1539":0,"1540":0,"1541":0,"1542":0,"1543":0,"1544":0,"1545":0,"1546":0,"1547":1,"1548":0,"1549":1,"1550":0,"1551":0,"1552":0,"1553":0,"1554":0,"1555":0,"1556":0,"1557":0,"1558":0,"1559":0,"1560":0,"1561":0,"1562":0,"1563":0,"1564":0,"1565":0,"1566":0,"1567":0,"1568":0,"1569":0,"1570":0,"1571":0,"1572":0,"1573":0,"1574":0,"1575":0,"1576":0,"1577":0,"1578":0,"1579":0,"1580":0,"1581":0,"1582":0,"1583":0,"1584":0,"1585":0,"1586":0,"1587":0,"1588":1,"1589":0,"1590":0,"1591":0,"1592":0,"1593":0,"1594":0,"1595":0,"1596":0,"1597":0,"1598":0,"1599":0,"1600":0,"1601":0,"1602":0,"1603":0,"1604":0,"1605":0,"1606":0,"1607":0,"1608":0,"1609":0,"1610":0,"1611":0,"1612":0,"1613":0,"1614":0,"1615":0,"1616":1,"1617":0,"1618":0,"1619":0,"1620":0,"1621":0,"1622":0,"1623":0,"1624":0,"1625":0,"1626":0,"1627":0,"1628":0,"1629":0,"1630":0,"1631":0,"1632":0,"1633":0,"1634":0,"1635":0,"1636":0,"1637":0,"1638":0,"1639":0,"1640":0,"1641":0,"1642":0,"1643":0,"1644":0,"1645":0,"1646":0,"1647":0,"1648":0,"1649":0,"1650":0,"1651":0,"1652":0,"1653":0,"1654":0,"1655":0,"1656":0,"1657":0,"1658":0,"1659":1,"1660":0,"1661":0,"1662":0,"1663":0,"1664":0,"1665":0,"1666":0,"1667":0,"1668":0,"1669":0,"1670":0,"1671":0,"1672":0,"1673":0,"1674":1,"1675":0,"1676":0,"1677":0,"1678":0,"1679":0,"1680":0,"1681":0,"1682":0,"1683":0,"1684":0,"1685":0,"1686":0,"1687":0,"1688":0,"1689":0,"1690":0,"1691":0,"1692":0,"1693":0,"1694":0,"1695":0,"1696":0,"1697":0,"1698":0,"1699":0,"1700":1,"1701":0,"1702":0,"1703":0,"1704":1,"1705":0,"1706":1,"1707":0,"1708":1,"1709":0,"1710":1,"1711":0,"1712":1,"1713":0,"1714":1,"1715":0,"1716":0,"1717":1,"1718":0,"1719":1,"1720":0,"1721":1,"1722":0,"1723":0,"1724":0,"1725":0,"1726":0,"1727":0,"1728":1,"1729":0,"1730":0,"1731":0,"1732":0,"1733":0,"1734":0,"1735":0,"1736":1,"1737":0,"1738":0,"1739":0,"1740":0,"1741":0,"1742":0,"1743":0,"1744":0,"1745":0,"1746":0,"1747":1,"1748":0,"1749":0,"1750":0,"1751":0,"1752":1,"1753":0,"1754":0,"1755":0,"1756":0,"1757":0,"1758":0,"1759":0,"1760":0,"1761":0,"1762":0,"1763":0,"1764":0,"1765":0,"1766":0,"1767":0,"1768":0,"1769":0,"1770":0,"1771":0,"1772":0,"1773":0,"1774":0,"1775":0,"1776":0,"1777":0,"1778":0,"1779":1,"1780":0,"1781":0,"1782":1,"1783":0,"1784":0,"1785":1,"1786":0,"1787":0,"1788":0,"1789":0,"1790":0,"1791":0,"1792":0,"1793":0,"1794":0,"1795":0,"1796":1,"1797":0,"1798":0,"1799":0,"1800":0,"1801":0,"1802":0,"1803":0,"1804":0,"1805":0,"1806":0,"1807":0,"1808":1,"1809":0,"1810":0,"1811":0,"1812":0,"1813":0,"1814":1,"1815":0,"1816":0,"1817":0,"1818":0,"1819":1,"1820":0,"1821":0,"1822":0,"1823":0,"1824":0,"1825":0,"1826":0,"1827":0,"1828":1,"1829":0,"1830":0,"1831":0,"1832":0,"1833":0,"1834":0,"1835":0,"1836":0,"1837":0,"1838":0,"1839":0,"1840":0,"1841":0,"1842":0,"1843":0,"1844":0,"1845":0,"1846":0,"1847":0,"1848":0,"1849":0,"1850":0,"1851":0,"1852":0,"1853":1,"1854":0,"1855":0,"1856":0,"1857":0,"1858":0,"1859":0,"1860":0,"1861":1,"1862":0,"1863":0,"1864":0,"1865":0,"1866":0,"1867":0,"1868":0,"1869":0,"1870":0,"1871":1,"1872":0,"1873":0,"1874":0,"1875":1,"1876":1,"1877":1,"1878":0,"1879":0,"1880":0,"1881":0,"1882":0,"1883":0,"1884":1,"1885":1,"1886":0,"1887":1,"1888":0,"1889":0,"1890":0,"1891":0,"1892":0,"1893":0,"1894":1,"1895":1,"1896":1,"1897":0,"1898":0,"1899":0,"1900":0,"1901":0,"1902":0,"1903":0,"1904":0,"1905":0,"1906":0,"1907":0,"1908":0,"1909":0,"1910":0,"1911":0,"1912":0,"1913":0,"1914":0,"1915":0,"1916":0,"1917":0,"1918":0,"1919":0,"1920":0,"1921":0,"1922":0,"1923":0,"1924":0,"1925":0,"1926":0,"1927":0,"1928":0,"1929":0,"1930":0,"1931":0,"1932":0,"1933":0,"1934":0,"1935":0,"1936":0,"1937":0,"1938":0,"1939":0,"1940":0,"1941":0,"1942":0,"1943":0,"1944":0,"1945":0,"1946":0,"1947":0,"1948":1,"1949":0,"1950":0,"1951":0,"1952":0,"1953":1,"1954":0,"1955":0,"1956":0,"1957":0,"1958":0,"1959":0,"1960":1,"1961":0,"1962":0,"1963":1,"1964":0,"1965":0,"1966":1,"1967":0,"1968":1,"1969":0,"1970":1,"1971":0,"1972":1,"1973":0,"1974":1,"1975":0,"1976":1,"1977":0,"1978":1,"1979":0,"1980":0,"1981":0,"1982":0,"1983":0,"1984":0,"1985":0,"1986":0,"1987":0,"1988":0,"1989":0,"1990":0,"1991":1,"1992":0,"1993":0,"1994":1,"1995":0,"1996":0,"1997":1,"1998":0,"1999":0,"2000":0,"2001":0,"2002":0,"2003":0,"2004":0,"2005":0,"2006":1,"2007":0,"2008":0,"2009":0,"2010":0,"2011":1,"2012":1,"2013":1,"2014":1,"2015":1,"2016":1,"2017":1,"2018":1,"2019":1,"2020":1,"2021":1,"2022":1,"2023":1,"2024":1,"2025":1,"2026":1,"2027":1,"2028":1,"2029":1,"2030":1,"2031":1},"b":{"1":[1,0],"2":[1,1],"3":[0,0],"4":[0,0],"5":[0,0],"6":[1,0],"7":[1,0],"8":[1,0,1],"9":[1,0,0,0],"10":[0,0],"11":[0,1],"12":[1,0,1,0],"13":[0,0],"14":[0,0],"15":[0,0],"16":[0,0],"17":[0,0,0],"18":[0,0],"19":[0,0],"20":[0,0],"21":[0,0],"22":[0,0],"23":[0,0],"24":[0,0],"25":[0,0],"26":[0,0],"27":[0,0],"28":[0,0],"29":[0,0],"30":[1,0,1],"31":[1,0,0,0],"32":[0,0],"33":[0,1],"34":[1,0,1,0],"35":[0,0],"36":[0,0],"37":[0,0],"38":[0,0],"39":[0,0],"40":[0,0],"41":[0,0],"42":[0,0],"43":[0,0],"44":[0,0],"45":[0,0],"46":[0,0],"47":[0,0],"48":[1,0,1,0],"49":[0,0],"50":[0,0],"51":[0,0,0],"52":[0,0],"53":[0,0],"54":[0,0],"55":[0,0],"56":[0,0],"57":[0,0],"58":[0,0],"59":[0,0],"60":[0,0],"61":[0,0],"62":[0,0],"63":[0,0],"64":[0,0],"65":[0,0],"66":[0,0],"67":[0,0],"68":[0,0],"69":[0,0],"70":[0,0],"71":[0,0],"72":[0,0],"73":[0,0],"74":[0,0],"75":[0,0],"76":[0,0],"77":[0,0],"78":[0,0],"79":[0,0],"80":[0,0],"81":[0,0,0],"82":[0,0],"83":[0,0,0],"84":[0,0],"85":[0,0],"86":[0,0],"87":[0,0],"88":[0,0],"89":[0,0],"90":[0,0],"91":[0,0],"92":[0,0],"93":[0,0],"94":[0,0],"95":[0,0],"96":[0,0],"97":[0,0],"98":[1,0,1,0],"99":[0,0],"100":[0,0],"101":[0,0],"102":[0,0],"103":[0,0],"104":[0,0],"105":[0,0],"106":[0,0],"107":[0,0],"108":[0,0],"109":[0,0],"110":[0,0],"111":[0,0],"112":[0,0,0],"113":[0,0],"114":[0,0],"115":[0,0],"116":[0,0],"117":[0,0],"118":[0,0],"119":[0,0],"120":[0,0],"121":[0,0],"122":[0,0],"123":[0,0],"124":[0,0],"125":[0,0],"126":[0,0,0,0],"127":[0,0],"128":[0,0],"129":[0,0],"130":[0,0],"131":[0,0],"132":[0,0],"133":[0,0],"134":[0,0],"135":[0,0],"136":[1,0,1,0],"137":[0,0],"138":[0,0],"139":[0,0],"140":[0,0],"141":[0,0],"142":[0,0],"143":[0,0,0],"144":[0,0],"145":[0,0],"146":[0,0],"147":[0,0],"148":[0,0,0,0],"149":[0,0],"150":[0,0],"151":[0,0],"152":[0,0],"153":[1,0,1,0],"154":[0,0],"155":[1,0],"156":[0,0],"157":[0,0],"158":[0,0],"159":[0,0,0,0],"160":[0,0],"161":[0,0],"162":[0,0],"163":[0,0],"164":[0,0],"165":[0,0],"166":[0,0],"167":[0,0],"168":[0,0],"169":[0,0],"170":[0,0,0],"171":[0,0],"172":[0,0],"173":[0,0],"174":[0,0],"175":[0,0],"176":[0,0],"177":[0,0],"178":[0,0],"179":[0,0],"180":[0,0],"181":[0,0],"182":[0,0],"183":[0,0],"184":[0,0],"185":[0,0],"186":[0,0,0],"187":[0,0],"188":[0,0],"189":[0,0],"190":[0,0],"191":[0,0],"192":[0,0],"193":[0,0],"194":[0,0],"195":[0,0],"196":[0,0],"197":[0,0],"198":[0,0],"199":[0,0],"200":[0,0],"201":[0,0],"202":[1,0,1,0],"203":[0,0],"204":[0,0],"205":[0,0],"206":[0,0],"207":[0,0],"208":[0,0],"209":[0,0],"210":[0,0],"211":[0,0],"212":[0,0],"213":[0,0],"214":[0,0],"215":[0,0],"216":[0,0],"217":[0,0],"218":[0,0],"219":[0,0],"220":[1,0,1,0],"221":[0,0],"222":[0,0],"223":[1,0,1,0],"224":[0,0],"225":[0,0],"226":[0,0],"227":[0,0],"228":[0,0],"229":[0,0],"230":[0,0],"231":[0,0],"232":[0,0],"233":[0,0],"234":[0,0],"235":[0,0],"236":[0,0],"237":[0,0],"238":[0,0],"239":[0,0],"240":[0,0],"241":[0,0],"242":[0,0],"243":[0,0],"244":[0,0],"245":[1,1],"246":[1,0,1,0],"247":[0,0],"248":[0,0],"249":[0,0],"250":[0,0],"251":[0,0],"252":[0,0],"253":[0,0,0],"254":[0,0],"255":[0,0],"256":[0,0],"257":[0,0],"258":[0,0],"259":[0,0],"260":[0,0],"261":[0,0],"262":[0,0],"263":[0,0],"264":[0,0],"265":[0,0],"266":[0,0],"267":[0,0],"268":[0,0],"269":[0,0],"270":[0,0],"271":[0,0],"272":[0,0],"273":[0,0],"274":[1,0,1,0],"275":[0,0],"276":[0,0],"277":[0,0],"278":[0,0],"279":[0,0],"280":[0,0],"281":[1,0,1,0],"282":[0,0],"283":[0,0],"284":[0,0],"285":[0,0],"286":[0,0],"287":[0,0],"288":[0,0,0,0,0],"289":[0,0],"290":[0,0],"291":[0,0],"292":[0,0],"293":[0,0],"294":[0,0],"295":[0,0],"296":[0,0],"297":[0,0],"298":[0,0],"299":[0,0,0],"300":[0,0],"301":[0,0,0],"302":[0,0],"303":[1,0,1],"304":[1,0,0,0],"305":[0,0],"306":[0,1],"307":[0,0],"308":[0,0],"309":[0,0],"310":[0,0],"311":[0,0],"312":[0,0],"313":[0,0],"314":[0,0],"315":[1,1],"316":[0,0],"317":[0,0],"318":[0,0],"319":[0,0,0,0,0],"320":[0,0],"321":[0,0],"322":[1,0,1],"323":[1,0,0,0],"324":[0,0],"325":[0,1],"326":[1,0,1,0],"327":[0,0],"328":[0,0],"329":[0,0],"330":[0,0],"331":[0,0],"332":[0,0],"333":[0,0,0,0],"334":[0,0],"335":[0,0,0,0],"336":[0,0],"337":[0,0],"338":[0,0],"339":[0,0],"340":[0,0],"341":[0,0],"342":[0,0],"343":[0,0],"344":[0,0],"345":[0,0],"346":[0,0,0,0,0],"347":[0,0],"348":[0,0],"349":[0,0],"350":[0,0],"351":[0,0],"352":[0,0],"353":[0,0],"354":[0,0],"355":[0,0],"356":[0,0],"357":[0,0],"358":[0,0],"359":[0,0],"360":[0,0],"361":[0,0],"362":[0,0],"363":[0,0],"364":[0,0],"365":[0,0],"366":[0,0],"367":[0,0],"368":[0,0],"369":[0,0],"370":[0,0],"371":[0,0],"372":[0,0],"373":[0,0],"374":[0,0],"375":[0,0],"376":[0,0],"377":[0,0],"378":[0,0],"379":[0,0],"380":[0,0],"381":[0,0],"382":[0,0],"383":[0,0],"384":[0,0],"385":[0,0],"386":[0,0],"387":[0,0],"388":[0,0],"389":[0,0],"390":[0,0],"391":[0,0],"392":[1,0,1,0],"393":[0,0],"394":[0,0],"395":[0,0],"396":[0,0],"397":[0,0],"398":[0,0],"399":[0,0],"400":[0,0],"401":[0,0],"402":[0,0],"403":[0,0],"404":[1,0,1,0],"405":[0,0],"406":[0,0],"407":[0,0],"408":[0,0],"409":[0,0],"410":[0,0],"411":[0,0],"412":[0,0],"413":[0,0],"414":[0,0],"415":[0,0],"416":[0,0],"417":[0,0],"418":[0,0],"419":[0,0],"420":[0,0],"421":[0,0],"422":[0,0],"423":[0,0],"424":[0,0],"425":[0,0],"426":[0,0],"427":[0,0],"428":[0,0],"429":[0,0],"430":[0,0],"431":[0,0],"432":[0,0],"433":[0,0],"434":[0,0],"435":[0,0],"436":[0,0],"437":[0,0],"438":[0,0,0],"439":[0,0],"440":[0,0],"441":[0,0,0,0],"442":[0,0],"443":[0,0,0],"444":[0,0],"445":[0,0],"446":[0,0],"447":[0,0],"448":[0,0],"449":[0,0],"450":[0,0],"451":[0,0],"452":[0,0,0,0,0],"453":[0,0],"454":[0,0],"455":[0,0],"456":[0,0],"457":[0,0],"458":[0,0],"459":[0,0],"460":[0,0],"461":[0,0],"462":[0,0],"463":[0,0],"464":[0,0],"465":[0,0],"466":[0,0],"467":[0,0],"468":[0,0],"469":[0,0],"470":[0,0],"471":[0,0],"472":[0,0],"473":[0,0],"474":[0,0],"475":[0,0],"476":[0,0],"477":[0,0],"478":[0,0],"479":[0,0],"480":[0,0],"481":[0,0],"482":[0,0],"483":[0,0],"484":[0,0],"485":[0,0],"486":[0,0],"487":[0,0],"488":[0,0],"489":[0,0],"490":[0,0],"491":[0,0],"492":[0,0],"493":[0,0],"494":[0,0],"495":[0,0],"496":[0,0],"497":[0,0],"498":[0,0],"499":[1,0,1,0],"500":[0,0],"501":[0,0],"502":[0,0],"503":[0,0],"504":[0,0],"505":[0,0],"506":[0,0],"507":[0,0],"508":[0,0],"509":[0,0],"510":[0,0],"511":[0,0],"512":[0,0],"513":[0,0],"514":[0,0],"515":[0,0],"516":[0,0],"517":[0,0],"518":[0,0],"519":[0,0,0],"520":[0,0],"521":[0,0],"522":[0,0],"523":[0,0],"524":[0,0],"525":[0,0,0],"526":[0,0],"527":[0,0],"528":[0,0],"529":[0,0],"530":[0,0],"531":[0,0],"532":[0,0],"533":[0,0],"534":[0,0],"535":[0,0],"536":[0,0],"537":[0,0],"538":[0,0],"539":[0,0],"540":[0,0]},"f":{"1":1,"2":1,"3":1,"4":0,"5":0,"6":1,"7":1,"8":0,"9":0,"10":1,"11":0,"12":0,"13":0,"14":1,"15":0,"16":0,"17":0,"18":0,"19":0,"20":0,"21":0,"22":0,"23":0,"24":0,"25":0,"26":0,"27":0,"28":0,"29":0,"30":0,"31":0,"32":0,"33":0,"34":0,"35":0,"36":1,"37":0,"38":0,"39":0,"40":0,"41":0,"42":0,"43":0,"44":0,"45":0,"46":0,"47":0,"48":0,"49":0,"50":0,"51":0,"52":1,"53":0,"54":0,"55":1,"56":1,"57":0,"58":1,"59":0,"60":0,"61":0,"62":0,"63":0,"64":0,"65":0,"66":0,"67":0,"68":0,"69":0,"70":0,"71":0,"72":0,"73":0,"74":0,"75":0,"76":0,"77":0,"78":0,"79":0,"80":0,"81":0,"82":0,"83":0,"84":0,"85":0,"86":0,"87":0,"88":0,"89":0,"90":0,"91":0,"92":0,"93":0,"94":0,"95":0,"96":0,"97":0,"98":0,"99":0,"100":0,"101":0,"102":0,"103":0,"104":0,"105":0,"106":0,"107":0,"108":0,"109":0,"110":0,"111":0,"112":0,"113":0,"114":0,"115":0,"116":0,"117":0,"118":0,"119":0,"120":0,"121":0,"122":0,"123":0,"124":0,"125":0,"126":0,"127":0,"128":0,"129":0,"130":0,"131":0,"132":0,"133":0,"134":0,"135":0,"136":0,"137":0,"138":0,"139":0,"140":0,"141":0,"142":0,"143":0,"144":0,"145":0,"146":0,"147":0,"148":0,"149":0,"150":0,"151":0,"152":0,"153":0,"154":0,"155":0,"156":0,"157":0,"158":0,"159":0,"160":0,"161":0,"162":0,"163":0,"164":0,"165":0,"166":0,"167":0,"168":0,"169":0,"170":0,"171":0,"172":0,"173":0,"174":0,"175":0,"176":0,"177":0,"178":0,"179":1,"180":0,"181":0,"182":0,"183":0,"184":0,"185":1,"186":0,"187":0,"188":0,"189":0,"190":0,"191":0,"192":0,"193":0,"194":0,"195":0,"196":0,"197":0,"198":0,"199":0,"200":0,"201":0,"202":0,"203":0,"204":0,"205":0,"206":0,"207":1,"208":0,"209":0,"210":0,"211":0,"212":0,"213":0,"214":0,"215":0,"216":0,"217":0,"218":0,"219":0,"220":0,"221":0,"222":0,"223":0,"224":0,"225":1,"226":0,"227":0,"228":0,"229":1,"230":0,"231":0,"232":1,"233":1,"234":0,"235":0,"236":0,"237":1,"238":0,"239":1,"240":0,"241":0,"242":0,"243":0,"244":0,"245":0,"246":0,"247":0,"248":1,"249":0,"250":0,"251":1,"252":1,"253":0,"254":1,"255":0,"256":0,"257":0,"258":0,"259":0,"260":0,"261":0,"262":0,"263":0,"264":0,"265":0,"266":0,"267":0,"268":0,"269":0,"270":0,"271":0,"272":0,"273":0,"274":0,"275":0,"276":0,"277":0,"278":0,"279":0,"280":0,"281":0,"282":0,"283":0,"284":0,"285":0,"286":0,"287":0,"288":0,"289":0,"290":0,"291":0,"292":0,"293":0,"294":0,"295":0,"296":1,"297":0,"298":0,"299":0,"300":0,"301":0,"302":1,"303":0,"304":0,"305":0,"306":0,"307":1,"308":0,"309":0,"310":0,"311":0,"312":0,"313":0,"314":0,"315":0,"316":1,"317":0,"318":0,"319":0,"320":0,"321":0,"322":0,"323":0,"324":0,"325":0,"326":0,"327":0,"328":0,"329":0,"330":0,"331":1,"332":0,"333":0,"334":0,"335":0,"336":0,"337":0,"338":0,"339":0,"340":0,"341":0,"342":0,"343":0,"344":0,"345":0,"346":0,"347":0,"348":0,"349":0,"350":0,"351":0,"352":0,"353":0,"354":0,"355":0,"356":0,"357":0,"358":0,"359":0,"360":0,"361":0,"362":0,"363":0,"364":0,"365":0,"366":0,"367":0,"368":0,"369":0,"370":0,"371":0,"372":0,"373":0,"374":0,"375":0,"376":0,"377":0,"378":0,"379":0,"380":0,"381":0,"382":0,"383":0,"384":0,"385":0,"386":0,"387":0,"388":0,"389":0,"390":0,"391":0,"392":0,"393":0,"394":0,"395":0,"396":0,"397":0,"398":0,"399":0,"400":0,"401":0,"402":1,"403":0,"404":0,"405":0,"406":0,"407":0,"408":0,"409":0,"410":0,"411":0,"412":0,"413":0,"414":0,"415":0,"416":0,"417":0,"418":0,"419":0,"420":0,"421":0,"422":0,"423":0,"424":0,"425":0,"426":0},"fnMap":{"1":{"name":"(anonymous_1)","line":1,"loc":{"start":{"line":1,"column":1},"end":{"line":1,"column":28}}},"2":{"name":"(anonymous_2)","line":5,"loc":{"start":{"line":5,"column":9},"end":{"line":5,"column":100}}},"3":{"name":"(anonymous_3)","line":10,"loc":{"start":{"line":10,"column":55},"end":{"line":10,"column":67}}},"4":{"name":"(anonymous_4)","line":12,"loc":{"start":{"line":12,"column":47},"end":{"line":12,"column":63}}},"5":{"name":"(anonymous_5)","line":13,"loc":{"start":{"line":13,"column":8},"end":{"line":13,"column":24}}},"6":{"name":"(anonymous_6)","line":14,"loc":{"start":{"line":14,"column":11},"end":{"line":14,"column":27}}},"7":{"name":"__","line":16,"loc":{"start":{"line":16,"column":8},"end":{"line":16,"column":22}}},"8":{"name":"(anonymous_8)","line":20,"loc":{"start":{"line":20,"column":69},"end":{"line":20,"column":81}}},"9":{"name":"printRequest","line":28,"loc":{"start":{"line":28,"column":0},"end":{"line":28,"column":31}}},"10":{"name":"(anonymous_10)","line":31,"loc":{"start":{"line":31,"column":28},"end":{"line":31,"column":40}}},"11":{"name":"BaseNetworkInterface","line":32,"loc":{"start":{"line":32,"column":4},"end":{"line":32,"column":45}}},"12":{"name":"(anonymous_12)","line":45,"loc":{"start":{"line":45,"column":43},"end":{"line":45,"column":62}}},"13":{"name":"(anonymous_13)","line":46,"loc":{"start":{"line":46,"column":27},"end":{"line":46,"column":54}}},"14":{"name":"(anonymous_14)","line":52,"loc":{"start":{"line":52,"column":33},"end":{"line":52,"column":51}}},"15":{"name":"HTTPFetchNetworkInterface","line":54,"loc":{"start":{"line":54,"column":4},"end":{"line":54,"column":41}}},"16":{"name":"(anonymous_16)","line":57,"loc":{"start":{"line":57,"column":59},"end":{"line":57,"column":88}}},"17":{"name":"(anonymous_17)","line":59,"loc":{"start":{"line":59,"column":27},"end":{"line":59,"column":54}}},"18":{"name":"(anonymous_18)","line":61,"loc":{"start":{"line":61,"column":24},"end":{"line":61,"column":48}}},"19":{"name":"(anonymous_19)","line":62,"loc":{"start":{"line":62,"column":27},"end":{"line":62,"column":39}}},"20":{"name":"(anonymous_20)","line":81,"loc":{"start":{"line":81,"column":58},"end":{"line":81,"column":72}}},"21":{"name":"(anonymous_21)","line":84,"loc":{"start":{"line":84,"column":27},"end":{"line":84,"column":54}}},"22":{"name":"(anonymous_22)","line":86,"loc":{"start":{"line":86,"column":24},"end":{"line":86,"column":48}}},"23":{"name":"(anonymous_23)","line":87,"loc":{"start":{"line":87,"column":27},"end":{"line":87,"column":39}}},"24":{"name":"(anonymous_24)","line":103,"loc":{"start":{"line":103,"column":66},"end":{"line":103,"colu
[...]
tReduxRootSelector, this.fragmentMatcher, this.reducerConfig);","        }","        return this.proxy;","    };","    return ApolloClient;","}());","","exports.createNetworkInterface = createNetworkInterface;","exports.createBatchingNetworkInterface = createBatchingNetworkInterface;","exports.createApolloStore = createApolloStore;","exports.createApolloReducer = createApolloReducer;","exports.readQueryFromStore = readQueryFromStore;","exports.writeQueryToStore = writeQueryToStore;","exports.addTypenameToDocument = addTypenameToDocument;","exports.createFragmentMap = createFragmentMap;","exports.ApolloError = ApolloError;","exports.getQueryDefinition = getQueryDefinition;","exports.getFragmentDefinitions = getFragmentDefinitions;","exports.toIdValue = toIdValue;","exports.IntrospectionFragmentMatcher = IntrospectionFragmentMatcher;","exports.printAST = graphql_language_printer.print;","exports.HTTPFetchNetworkInterface = HTTPFetchNetworkInterface;","exports.HTTPBatchedNetworkInterface = HTTPBatchedNetworkInterface;","exports.ObservableQuery = ObservableQuery;","exports.ApolloClient = ApolloClient$1;","exports['default'] = ApolloClient$1;","","Object.defineProperty(exports, '__esModule', { value: true });","","})));","//# sourceMappingURL=apollo.umd.js.map",""],"l":{"1":1,"2":1,"7":1,"8":1,"10":1,"11":1,"12":0,"13":0,"14":1,"15":1,"16":1,"17":1,"20":1,"21":0,"22":0,"23":0,"24":0,"26":0,"28":1,"29":0,"31":1,"32":1,"33":0,"34":0,"35":0,"37":0,"38":0,"40":0,"41":0,"42":0,"43":0,"45":1,"46":0,"47":0,"50":1,"52":1,"53":1,"54":1,"55":0,"57":1,"58":0,"59":0,"60":0,"61":0,"62":0,"63":0,"64":0,"65":0,"66":0,"70":0,"76":0,"78":0,"81":1,"82":0,"83":0,"84":0,"85":0,"86":0,"87":0,"88":0,"89":0,"90":0,"91":0,"95":0,"98":0,"100":0,"103":1,"104":0,"105":0,"107":1,"108":0,"109":0,"110":0,"113":0,"114":0,"119":0,"120":0,"121":0,"122":0,"123":0,"124":0,"128":0,"129":0,"132":0,"136":1,"137":0,"138":0,"139":0,"140":0,"143":0,"146":0,"148":1,"149":0,"150":0,"151":0,"152":0,"155":0,"158":0,"160":1,"162":1,"163":0,"164":0,"165":0,"167":0,"168":0,"169":0,"170":0,"171":0,"172":0,"175":0,"176":0,"178":0,"181":1,"182":1,"183":0,"184":0,"185":0,"186":0,"187":0,"189":1,"190":0,"193":0,"194":0,"195":0,"196":0,"198":0,"199":0,"201":0,"203":1,"204":0,"205":0,"206":0,"207":0,"208":0,"209":0,"210":0,"211":0,"213":0,"214":0,"215":0,"216":0,"217":0,"220":0,"221":0,"224":0,"226":1,"227":0,"228":0,"229":0,"232":1,"235":1,"236":0,"237":0,"238":0,"240":0,"241":0,"243":0,"246":1,"247":1,"248":0,"249":0,"250":1,"251":1,"252":1,"253":1,"256":1,"257":0,"258":0,"259":0,"260":0,"262":0,"264":1,"265":1,"266":1,"267":0,"268":0,"269":0,"271":0,"275":0,"277":1,"278":0,"280":1,"281":0,"282":0,"283":0,"287":0,"288":0,"289":0,"291":0,"292":0,"293":0,"295":0,"296":0,"297":0,"300":0,"303":0,"304":0,"306":0,"310":0,"312":0,"316":0,"320":1,"321":0,"322":0,"323":0,"324":0,"325":0,"326":0,"327":0,"328":0,"329":0,"333":0,"339":0,"341":0,"344":1,"345":0,"346":0,"347":0,"348":0,"349":0,"350":0,"351":0,"352":0,"353":0,"354":0,"358":0,"361":0,"363":0,"366":1,"367":0,"368":0,"369":0,"370":0,"373":0,"376":0,"378":1,"379":0,"380":0,"381":0,"382":0,"385":0,"388":0,"390":1,"391":0,"392":0,"393":0,"394":0,"396":0,"398":1,"400":1,"401":0,"402":0,"404":0,"407":1,"408":0,"410":1,"411":0,"413":1,"414":0,"416":1,"417":0,"419":1,"420":0,"422":1,"423":0,"425":1,"426":0,"428":1,"429":0,"431":1,"432":0,"434":1,"435":0,"437":1,"438":0,"440":1,"441":0,"444":1,"445":0,"446":0,"447":0,"448":0,"450":0,"453":1,"454":0,"455":0,"457":0,"458":0,"459":0,"461":0,"463":0,"464":0,"466":0,"467":0,"469":0,"473":1,"474":0,"475":0,"476":0,"477":0,"480":0,"482":1,"483":0,"484":0,"485":0,"488":0,"491":0,"493":1,"494":0,"495":0,"496":0,"497":0,"499":0,"502":0,"503":0,"505":0,"507":1,"508":0,"509":0,"510":0,"511":0,"512":0,"515":0,"516":0,"518":0,"521":1,"522":0,"523":0,"524":0,"525":0,"527":0,"529":1,"530":0,"531":0,"532":0,"533":0,"534":0,"537":0,"538":0,"541":0,"542":0,"543":0,"545":0,"547":0,"565":0,"568":1,"569":0,"571":1,"572":0,"574":1,"575":0,"577":1,"578":0,"580":1,"581":0,"583":1,"584":0,"586":1,"587":0,"589":1,"590":0,"592":1,"593":0,"594":0,"596":0,"597":0,"599":0,"600":0,"601":0,"602":0,"604":0,"605":0,"606":0,"608":0,"609":0,"610":0,"611":0,"612":0,"615":0,"616":0,"619":0,"622":1,"623":0,"624":0,"625":0,"626":0,"627":0,"629":0,"631":0,"633":1,"634":0,"635":0,"636":0,"638":0,"640":1,"641":0,"645":1,"646":0,"648":1,"649":0,"651":1,"652":0,"654":1,"655":0,"659":1,"660":0,"661":0,"667":1,"668":0,"673":1,"674":0,"675":0,"676":0,"678":0,"679":0,"680":0,"681":0,"683":0,"684":0,"685":0,"686":0,"688":0,"689":0,"690":0,"692":0,"693":0,"694":0,"695":0,"696":0,"699":0,"700":0,"701":0,"706":0,"708":0,"709":0,"711":0,"712":0,"715":0,"718":1,"719":0,"720":0,"721":0,"722":0,"724":0,"726":1,"727":0,"728":0,"729":0,"741":1,"742":0,"743":0,"744":0,"745":0,"757":1,"758":0,"759":0,"760":0,"761":0,"762":0,"763":0,"764":0,"765":0,"766":0,"774":0,"775":0,"776":0,"785":0,"786":0,"787":0,"790":0,"791":0,"792":0,"795":0,"796":0,"805":0,"807":1,"808":0,"810":1,"811":0,"812":0,"813":0,"814":0,"815":0,"816":0,"819":0,"821":0,"822":0,"825":1,"826":0,"827":0,"828":0,"829":0,"830":0,"831":0,"832":0,"833":0,"838":0,"839":0,"840":0,"843":0,"844":0,"845":0,"846":0,"848":0,"849":0,"850":0,"851":0,"853":0,"854":0,"855":0,"858":0,"864":0,"869":0,"870":0,"871":0,"873":0,"876":0,"877":0,"878":0,"882":0,"883":0,"884":0,"886":0,"887":0,"889":0,"891":1,"892":0,"893":0,"894":0,"896":0,"897":0,"898":0,"900":0,"901":0,"902":0,"903":0,"904":0,"905":0,"908":0,"914":0,"919":0,"923":1,"924":0,"925":0,"926":0,"927":0,"929":0,"931":1,"932":1,"933":0,"934":0,"936":0,"937":0,"939":1,"940":0,"941":0,"942":0,"953":0,"954":0,"955":0,"960":0,"961":0,"963":0,"964":0,"965":0,"967":0,"969":1,"970":0,"971":0,"972":0,"973":0,"974":0,"977":0,"979":1,"980":0,"981":0,"982":0,"983":0,"985":0,"986":0,"987":0,"989":0,"992":1,"993":0,"994":0,"996":0,"997":0,"998":0,"999":0,"1000":0,"1002":0,"1003":0,"1007":0,"1008":0,"1009":0,"1012":0,"1014":0,"1017":1,"1018":0,"1019":0,"1020":0,"1021":0,"1023":0,"1025":1,"1026":1,"1027":0,"1028":0,"1030":1,"1031":0,"1032":0,"1033":0,"1034":0,"1035":0,"1036":0,"1037":0,"1038":0,"1039":0,"1040":0,"1041":0,"1042":0,"1043":0,"1044":0,"1048":0,"1049":0,"1051":0,"1052":0,"1054":0,"1055":0,"1056":0,"1058":0,"1060":0,"1061":0,"1063":0,"1065":1,"1066":0,"1067":0,"1068":0,"1074":0,"1079":0,"1083":0,"1088":1,"1089":0,"1090":0,"1093":1,"1094":0,"1095":0,"1097":0,"1098":0,"1099":0,"1100":0,"1101":0,"1102":0,"1106":0,"1107":0,"1108":0,"1109":0,"1111":0,"1114":0,"1116":1,"1117":0,"1118":0,"1119":0,"1120":0,"1121":0,"1122":0,"1123":0,"1126":0,"1132":0,"1134":1,"1135":0,"1136":0,"1138":0,"1139":0,"1141":0,"1144":1,"1145":0,"1146":0,"1148":0,"1149":0,"1150":0,"1151":0,"1152":0,"1155":0,"1157":0,"1160":1,"1167":1,"1168":0,"1169":0,"1170":0,"1171":0,"1172":0,"1174":0,"1175":0,"1178":0,"1179":0,"1180":0,"1181":0,"1184":0,"1185":0,"1186":0,"1192":1,"1193":0,"1194":0,"1195":0,"1196":0,"1197":0,"1199":0,"1202":1,"1203":0,"1204":0,"1205":0,"1206":0,"1208":0,"1210":1,"1211":1,"1212":0,"1213":0,"1214":0,"1215":0,"1217":1,"1218":0,"1219":0,"1220":0,"1222":0,"1231":1,"1232":0,"1233":0,"1234":0,"1235":0,"1236":0,"1238":0,"1239":0,"1241":0,"1250":1,"1251":0,"1252":0,"1253":0,"1255":0,"1265":1,"1266":0,"1267":0,"1268":0,"1269":0,"1271":0,"1281":1,"1283":1,"1284":1,"1285":0,"1286":0,"1287":0,"1288":0,"1290":1,"1291":0,"1292":0,"1293":0,"1294":0,"1295":0,"1297":1,"1298":0,"1299":0,"1300":0,"1301":0,"1303":0,"1312":1,"1313":0,"1314":0,"1315":0,"1316":0,"1317":0,"1318":0,"1320":0,"1321":0,"1323":0,"1332":1,"1333":0,"1334":0,"1335":0,"1336":0,"1338":0,"1345":1,"1346":0,"1347":0,"1348":0,"1349":0,"1350":0,"1352":0,"1359":1,"1360":0,"1361":0,"1364":1,"1365":0,"1371":0,"1373":0,"1375":1,"1378":1,"1379":0,"1380":0,"1381":0,"1382":0,"1384":0,"1386":1,"1387":0,"1388":0,"1389":0,"1399":1,"1400":0,"1401":0,"1404":0,"1405":0,"1410":1,"1411":0,"1412":0,"1413":0,"1414":0,"1416":0,"1418":1,"1419":0,"1420":0,"1421":0,"1422":0,"1423":0,"1425":0,"1426":0,"1428":0,"1429":0,"1430":0,"1431":0,"1439":0,"1440":0,"1441":0,"1444":0,"1447":0,"1448":0,"1449":0,"1450":0,"1458":0,"1459":0,"1460":0,"1463":0,"1466":0,"1467":0,"1468":0,"1469":0,"1470":0,"1478":0,"1479":0,"1480":0,"1481":0,"1482":0,"1483":0,"1485":0,"1493":0,"1494":0,"1496":0,"1497":0,"1502":0,"1503":0,"1514":0,"1515":0,"1516":0,"1517":0,"1518":0,"1519":0,"1521":0,"1522":0,"1523":0,"1526":0,"1529":0,"1530":0,"1532":0,"1533":0,"1535":0,"1536":0,"1545":0,"1548":1,"1549":1,"1550":1,"1551":1,"1552":1,"1553":1,"1554":1,"1555":1,"1557":1,"1558":0,"1561":1,"1562":0,"1563":0,"1564":0,"1565":0,"1567":0,"1569":1,"1570":0,"1571":0,"1572":0,"1573":0,"1574":0,"1575":0,"1577":0,"1578":0,"1579":0,"1582":0,"1583":0,"1584":0,"1587":0,"1588":0,"1589":0,"1591":0,"1592":0,"1594":0,"1595":0,"1597":0,"1598":0,"1600":0,"1611":0,"1612":0,"1614":0,"1616":0,"1617":0,"1618":0,"1620":0,"1621":0,"1623":0,"1624":0,"1625":0,"1626":0,"1627":0,"1629":0,"1631":0,"1632":0,"1633":0,"1635":0,"1636":0,"1638":0,"1639":0,"1640":0,"1641":0,"1643":0,"1645":0,"1646":0,"1647":0,"1649":0,"1650":0,"1651":0,"1653":0,"1654":0,"1655":0,"1656":0,"1658":0,"1659":0,"1661":0,"1663":1,"1664":0,"1665":0,"1666":0,"1668":0,"1669":0,"1671":0,"1674":1,"1675":0,"1676":0,"1677":0,"1678":0,"1680":0,"1682":1,"1683":0,"1684":0,"1685":0,"1686":0,"1692":0,"1694":0,"1695":0,"1696":0,"1697":0,"1699":0,"1700":0,"1701":0,"1703":0,"1704":0,"1706":0,"1709":1,"1710":0,"1711":0,"1712":0,"1713":0,"1715":0,"1717":1,"1718":0,"1719":0,"1722":0,"1723":0,"1724":0,"1727":1,"1728":0,"1729":0,"1730":0,"1732":0,"1733":0,"1735":0,"1736":0,"1738":0,"1740":1,"1741":0,"1742":0,"1743":0,"1744":0,"1751":0,"1752":0,"1757":0,"1759":0,"1762":0,"1766":1,"1767":0,"1768":0,"1769":0,"1770":0,"1771":0,"1773":0,"1774":0,"1776":0,"1777":0,"1779":0,"1780":0,"1781":0,"1782":0,"1785":0,"1786":0,"1787":0,"1789":0,"1790":0,"1792":0,"1793":0,"1796":1,"1797":0,"1799":1,"1800":1,"1801":0,"1803":1,"1804":0,"1806":1,"1807":0,"1808":0,"1809":0,"1812":0,"1817":1,"1820":1,"1821":1,"1822":0,"1823":0,"1824":1,"1825":1,"1826":1,"1827":1,"1830":1,"1831":0,"1833":1,"1834":0,"1835":0,"1836":0,"1837":0,"1838":0,"1841":0,"1842":0,"1844":0,"1845":0,"1847":1,"1848":1,"1849":1,"1850":0,"1851":0,"1852":0,"1853":0,"1854":0,"1855":0,"1858":0,"1860":0,"1861":0,"1863":1,"1866":1,"1867":1,"1868":1,"1869":1,"1870":1,"1873":1,"1874":0,"1875":0,"1877":0,"1879":1,"1880":0,"1882":1,"1883":0,"1885":1,"1886":0,"1888":1,"1889":0,"1892":1,"1893":0,"1894":0,"1895":0,"1899":0,"1902":0,"1904":1,"1905":0,"1906":0,"1908":0,"1911":1,"1912":1,"1913":0,"1914":0,"1915":1,"1916":1,"1917":1,"1918":1,"1921":1,"1922":0,"1923":0,"1924":0,"1925":0,"1927":0,"1929":1,"1930":1,"1931":1,"1932":0,"1933":0,"1934":0,"1935":0,"1936":0,"1937":0,"1939":0,"1940":0,"1941":0,"1942":0,"1943":0,"1944":0,"1945":0,"1946":0,"1947":0,"1948":0,"1949":0,"1951":1,"1952":0,"1953":0,"1954":0,"1955":0,"1957":0,"1958":0,"1959":0,"1960":0,"1962":0,"1963":0,"1967":0,"1970":0,"1973":1,"1974":0,"1975":0,"1976":0,"1978":0,"1982":0,"1984":0,"1985":0,"1987":0,"1988":0,"1989":0,"1992":0,"1994":0,"2001":1,"2002":0,"2004":1,"2005":0,"2006":0,"2007":0,"2009":0,"2010":0,"2011":0,"2012":0,"2014":1,"2015":0,"2016":0,"2017":0,"2019":0,"2021":0,"2022":0,"2023":0,"2024":0,"2027":0,"2028":0,"2030":0,"2031":0,"2034":0,"2035":0,"2036":0,"2037":0,"2038":0,"2039":0,"2044":0,"2045":0,"2048":1,"2049":0,"2050":0,"2054":0,"2056":0,"2057":0,"2058":0,"2059":0,"2060":0,"2065":0,"2069":0,"2070":0,"2073":0,"2077":0,"2078":0,"2079":0,"2080":0,"2081":0,"2082":0,"2086":1,"2087":0,"2088":0,"2089":0,"2090":0,"2092":0,"2093":0,"2095":0,"2098":0,"2100":1,"2101":0,"2102":0,"2103":0,"2104":0,"2105":0,"2107":0,"2110":0,"2111":0,"2112":0,"2114":0,"2115":0,"2118":1,"2119":0,"2120":0,"2121":0,"2122":0,"2130":1,"2131":0,"2132":0,"2133":0,"2134":0,"2137":1,"2138":0,"2139":0,"2141":0,"2142":0,"2143":0,"2145":0,"2146":0,"2147":0,"2149":1,"2150":0,"2151":0,"2152":0,"2153":0,"2155":0,"2156":0,"2158":0,"2159":0,"2161":0,"2163":0,"2164":0,"2166":0,"2167":0,"2168":0,"2172":0,"2174":1,"2175":0,"2176":0,"2177":0,"2179":0,"2180":0,"2181":0,"2183":0,"2184":0,"2186":0,"2188":0,"2189":0,"2190":0,"2191":0,"2196":0,"2197":0,"2198":0,"2201":0,"2204":0,"2207":0,"2209":1,"2210":0,"2211":0,"2212":0,"2214":0,"2215":0,"2216":0,"2217":0,"2218":0,"2220":0,"2222":1,"2225":1,"2226":1,"2227":0,"2228":0,"2229":0,"2232":0,"2234":0,"2236":1,"2237":0,"2238":0,"2240":0,"2241":0,"2242":0,"2244":0,"2245":0,"2247":0,"2248":0,"2250":0,"2251":0,"2252":0,"2254":0,"2256":1,"2257":0,"2258":0,"2259":0,"2260":0,"2263":0,"2265":1,"2267":1,"2268":1,"2269":1,"2271":1,"2272":0,"2274":1,"2275":0,"2277":1,"2278":0,"2279":0,"2280":0,"2282":0,"2283":0,"2284":0,"2285":0,"2286":0,"2289":0,"2290":0,"2292":0,"2293":0,"2295":0,"2296":0,"2298":1,"2301":1,"2302":1,"2303":0,"2304":0,"2306":1,"2307":0,"2308":0,"2309":0,"2310":0,"2312":0,"2313":0,"2314":0,"2316":0,"2318":0,"2319":0,"2322":0,"2323":0,"2326":1,"2327":0,"2329":1,"2332":1,"2333":0,"2334":0,"2342":0,"2343":0,"2345":0,"2346":0,"2347":0,"2350":0,"2351":0,"2353":0,"2354":0,"2363":0,"2367":1,"2368":0,"2369":0,"2370":0,"2371":0,"2373":0,"2375":1,"2376":1,"2377":0,"2378":0,"2379":0,"2380":0,"2381":0,"2382":0,"2384":1,"2385":0,"2386":0,"2388":1,"2389":0,"2390":0,"2391":0,"2392":0,"2394":0,"2398":1,"2399":0,"2400":0,"2402":0,"2403":0,"2404":0,"2406":0,"2407":0,"2409":1,"2410":0,"2412":1,"2413":0,"2414":0,"2415":0,"2416":0,"2418":0,"2419":0,"2421":0,"2422":0,"2423":0,"2424":0,"2425":0,"2427":0,"2428":0,"2429":0,"2432":1,"2433":0,"2434":0,"2435":0,"2436":0,"2438":0,"2439":0,"2442":0,"2443":0,"2444":0,"2448":1,"2449":0,"2450":0,"2452":0,"2457":1,"2460":1,"2461":0,"2462":0,"2463":0,"2464":0,"2466":0,"2468":1,"2469":1,"2470":0,"2471":0,"2472":0,"2473":0,"2474":0,"2475":0,"2476":0,"2477":0,"2478":0,"2479":0,"2480":0,"2481":0,"2482":0,"2483":0,"2484":0,"2487":0,"2489":0,"2492":0,"2493":0,"2494":0,"2495":0,"2496":0,"2497":0,"2498":0,"2499":0,"2500":0,"2501":0,"2502":0,"2504":0,"2508":1,"2509":0,"2511":1,"2512":0,"2513":0,"2514":0,"2515":0,"2516":0,"2518":0,"2519":0,"2520":0,"2525":0,"2526":0,"2527":0,"2528":0,"2529":0,"2532":0,"2544":0,"2545":0,"2547":0,"2548":0,"2551":0,"2556":0,"2557":0,"2558":0,"2560":0,"2571":0,"2572":0,"2573":0,"2574":0,"2576":0,"2577":0,"2580":0,"2581":0,"2588":0,"2589":0,"2592":0,"2597":0,"2598":0,"2604":1,"2605":0,"2606":0,"2607":0,"2608":0,"2609":0,"2610":0,"2611":0,"2612":0,"2620":0,"2621":0,"2623":0,"2624":0,"2625":0,"2626":0,"2640":0,"2641":0,"2642":0,"2652":0,"2653":0,"2660":0,"2661":0,"2664":0,"2671":0,"2672":0,"2677":0,"2678":0,"2681":0,"2683":1,"2684":0,"2685":0,"2686":0,"2687":0,"2688":0,"2689":0,"2691":0,"2692":0,"2693":0,"2695":0,"2696":0,"2699":0,"2701":0,"2705":0,"2706":0,"2707":0,"2708":0,"2711":0,"2715":0,"2716":0,"2717":0,"2723":0,"2724":0,"2732":0,"2733":0,"2734":0,"2742":0,"2749":0,"2750":0,"2755":0,"2756":0,"2757":0,"2758":0,"2761":0,"2765":0,"2768":0,"2769":0,"2770":0,"2774":0,"2780":1,"2781":0,"2782":0,"2783":0,"2785":0,"2786":0,"2788":0,"2789":0,"2791":0,"2792":0,"2793":0,"2795":0,"2796":0,"2801":0,"2803":1,"2804":0,"2805":0,"2806":0,"2808":0,"2809":0,"2811":0,"2812":0,"2814":0,"2815":0,"2817":0,"2818":0,"2820":0,"2821":0,"2823":0,"2824":0,"2826":0,"2827":0,"2828":0,"2829":0,"2830":0,"2831":0,"2832":0,"2834":0,"2835":0,"2838":0,"2840":1,"2841":0,"2842":0,"2843":0,"2845":1,"2846":0,"2851":1,"2852":0,"2854":1,"2855":0,"2857":1,"2858":0,"2860":1,"2861":0,"2863":1,"2864":0,"2865":0,"2867":1,"2868":0,"2870":1,"2871":0,"2873":1,"2874":0,"2875":0,"2876":0,"2877":0,"2878":0,"2879":0,"2882":1,"2883":0,"2884":0,"2885":0,"2886":0,"2887":0,"2888":0,"2889":0,"2893":1,"2894":0,"2895":0,"2896":0,"2897":0,"2899":0,"2903":0,"2904":0,"2905":0,"2906":0,"2907":0,"2911":1,"2912":0,"2913":0,"2914":0,"2915":0,"2917":1,"2918":0,"2919":0,"2920":0,"2921":0,"2922":0,"2924":0,"2929":0,"2930":0,"2931":0,"2932":0,"2933":0,"2934":0,"2935":0,"2936":0,"2937":0,"2938":0,"2943":0,"2952":0,"2953":0,"2954":0,"2959":0,"2961":0,"2963":0,"2964":0,"2965":0,"2972":1,"2973":0,"2974":0,"2976":1,"2977":0,"2978":0,"2980":1,"2981":0,"2982":0,"2983":0,"2984":0,"2985":0,"2993":0,"2994":0,"2995":0,"2998":0,"3001":1,"3002":0,"3003":0,"3004":0,"3005":0,"3006":0,"3008":0,"3011":0,"3013":0,"3014":0,"3015":0,"3021":1,"3022":0,"3023":0,"3024":0,"3025":0,"3027":0,"3032":1,"3033":0,"3034":0,"3035":0,"3037":0,"3041":1,"3042":0,"3043":0,"3044":0,"3045":0,"3046":0,"3047":0,"3049":0,"3050":0,"3052":1,"3053":0,"3054":0,"3055":0,"3056":0,"3061":0,"3062":0,"3063":0,"3065":0,"3066":0,"3076":0,"3077":0,"3078":0,"3082":0,"3084":0,"3085":0,"3086":0,"3095":0,"3096":0,"3097":0,"3099":0,"3100":0,"3101":0,"3103":0,"3106":0,"3108":1,"3109":0,"3110":0,"3111":0,"3112":0,"3113":0,"3116":0,"3119":1,"3120":0,"3121":0,"3122":0,"3123":0,"3124":0,"3125":0,"3126":0,"3127":0,"3128":0,"3134":1,"3135":0,"3136":0,"3137":0,"3139":1,"3142":1,"3144":1,"3145":0,"3146":0,"3147":0,"3148":0,"3150":0,"3152":1,"3153":1,"3154":0,"3156":1,"3157":0,"3158":0,"3159":0,"3161":0,"3162":0,"3165":0,"3167":1,"3168":1,"3169":1,"3170":0,"3171":0,"3172":0,"3173":0,"3174":0,"3175":0,"3176":0,"3177":0,"3178":0,"3179":0,"3180":0,"3182":0,"3183":0,"3189":0,"3193":0,"3194":0,"3195":0,"3196":0,"3198":0,"3199":0,"3201":0,"3202":0,"3205":0,"3207":0,"3208":0,"3210":0,"3211":0,"3212":0,"3213":0,"3214":0,"3215":0,"3216":0,"3218":0,"3224":0,"3225":0,"3226":0,"3227":0,"3228":0,"3229":0,"3231":0,"3232":0,"3234":0,"3235":0,"3236":0,"3237":0,"3238":0,"3239":0,"3246":0,"3248":1,"3249":0,"3250":0,"3251":0,"3253":0,"3255":1,"3256":0,"3257":0,"3258":0,"3260":0,"3261":0,"3263":0,"3265":1,"3266":0,"3267":0,"3269":1,"3270":0,"3271":0,"3273":1,"3274":0,"3276":1,"3277":0,"3279":1,"3280":0,"3282":1,"3283":0,"3285":1,"3286":0,"3288":1,"3289":0,"3291":1,"3292":0,"3293":0,"3294":0,"3296":0,"3297":0,"3302":0,"3306":0,"3307":0,"3308":0,"3309":0,"3315":0,"3319":1,"3320":0,"3321":0,"3324":1,"3325":0,"3326":0,"3328":1,"3329":0,"3330":0,"3331":0,"3334":0,"3336":0,"3337":0,"3340":0,"3341":0,"3351":1,"3352":0,"3353":0,"3354":0,"3356":0,"3358":1,"3361":1,"3362":1,"3363":1,"3364":1,"3365":1,"3366":1,"3367":1,"3368":1,"3369":1,"3370":1,"3371":1,"3372":1,"3373":1,"3374":1,"3375":1,"3376":1,"3377":1,"3378":1,"3379":1,"3381":1}},"/home/travis/build/npmtest/node-npmtest-apollo-client/node_modules/apollo-client/version.js":{"path":"/home/travis/build/npmtest/node-npmtest-apollo-client/node_modules/apollo-client/version.js","s":{"1":1},"b":{},"f":{},"fnMap":{},"statementMap":{"1":{"start":{"line":1,"column":0},"end":{"line":1,"column":25}}},"branchMap":{},"code":["exports.version = \"1.0.4\""],"l":{"1":1}},"/home/travis/build/npmtest/node-npmtest-apollo-client/node_modules/apollo-client/core/watchQueryOptions.js":{"path":"/home/travis/build/npmtest/node-npmtest-apollo-client/node_modules/apollo-client/core/watchQueryOptions.js","s":{},"b":{},"f":{},"fnMap":{},"statementMap":{},"branchMap":{},"code":["//# sourceMappingURL=watchQueryOptions.js.map"],"l":{}},"/home/travis/build/npmtest/node-npmtest-apollo-client/node_modules/apollo-client/data/mutationResults.js":{"path":"/home/travis/build/npmtest/node-npmtest-apollo-client/node_modules/apollo-client/data/mutationResults.js","s":{},"b":{},"f":{},"fnMap":{},"statementMap":{},"branchMap":{},"code":["//# sourceMappingURL=mutationResults.js.map"],"l":{}},"/home/travis/build/npmtest/node-npmtest-apollo-client/node_modules/apollo-client/transport/afterware.js":{"path":"/home/travis/build/npmtest/node-npmtest-apollo-client/node_modules/apollo-client/transport/afterware.js","s":{},"b":{},"f":{},"fnMap":{},"statementMap":{},"branchMap":{},"code":["//# sourceMappingURL=afterware.js.map"],"l":{}},"/home/travis/build/npmtest/node-npmtest-apollo-client/node_modules/apollo-client/transport/middleware.js":{"path":"/home/travis/build/npmtest/node-npmtest-apollo-client/node_modules/apollo-client/transport/middleware.js","s":{},"b":{},"f":{},"fnMap":{},"statementMap":{},"branchMap":{},"code":["//# sourceMappingURL=middleware.js.map"],"l":{}}}